Using pre-set license
Built from '6000.0/staging' branch; Version is '6000.0.38f1 (82314a941f2d) revision 8532298'; Using compiler version '193933523'; Build Type 'Release'
OS: 'Windows 10  (10.0.19045) 64bit Professional' Language: 'ru' Physical Memory: 16253 MB
BatchMode: 1, IsHumanControllingUs: 0, StartBugReporterOnCrash: 0, Is64bit: 1, IsPro: 1

COMMAND LINE ARGUMENTS:
C:\Program Files\Unity\Hub\Editor\6000.0.38f1\Editor\Unity.exe
-adb2
-batchMode
-noUpm
-name
AssetImportWorker2
-projectPath
C:/Users/Vlad/Desktop/UnityProject/Проект
-logFile
Logs/AssetImportWorker2.log
-srvPort
50230
-job-worker-count
5
-background-job-worker-count
8
-gc-helper-count
1
Successfully changed project path to: C:/Users/Vlad/Desktop/UnityProject/Проект
C:/Users/Vlad/Desktop/UnityProject/Проект
[UnityMemory] Configuration Parameters - Can be set up in boot.config
    "memorysetup-bucket-allocator-granularity=16"
    "memorysetup-bucket-allocator-bucket-count=8"
    "memorysetup-bucket-allocator-block-size=33554432"
    "memorysetup-bucket-allocator-block-count=8"
    "memorysetup-main-allocator-block-size=16777216"
    "memorysetup-thread-allocator-block-size=16777216"
    "memorysetup-gfx-main-allocator-block-size=16777216"
    "memorysetup-gfx-thread-allocator-block-size=16777216"
    "memorysetup-cache-allocator-block-size=4194304"
    "memorysetup-typetree-allocator-block-size=2097152"
    "memorysetup-profiler-bucket-allocator-granularity=16"
    "memorysetup-profiler-bucket-allocator-bucket-count=8"
    "memorysetup-profiler-bucket-allocator-block-size=33554432"
    "memorysetup-profiler-bucket-allocator-block-count=8"
    "memorysetup-profiler-allocator-block-size=16777216"
    "memorysetup-profiler-editor-allocator-block-size=1048576"
    "memorysetup-temp-allocator-size-main=16777216"
    "memorysetup-job-temp-allocator-block-size=2097152"
    "memorysetup-job-temp-allocator-block-size-background=1048576"
    "memorysetup-job-temp-allocator-reduction-small-platforms=262144"
    "memorysetup-allocator-temp-initial-block-size-main=262144"
    "memorysetup-allocator-temp-initial-block-size-worker=262144"
    "memorysetup-temp-allocator-size-background-worker=32768"
    "memorysetup-temp-allocator-size-job-worker=262144"
    "memorysetup-temp-allocator-size-preload-manager=33554432"
    "memorysetup-temp-allocator-size-nav-mesh-worker=65536"
    "memorysetup-temp-allocator-size-audio-worker=65536"
    "memorysetup-temp-allocator-size-cloud-worker=32768"
    "memorysetup-temp-allocator-size-gi-baking-worker=262144"
    "memorysetup-temp-allocator-size-gi-baking-worker=262144"
    "memorysetup-temp-allocator-size-gi-baking-worker=262144"
    "memorysetup-temp-allocator-size-gi-baking-worker=262144"
    "memorysetup-temp-allocator-size-gi-baking-worker=262144"
    "memorysetup-temp-allocator-size-gfx=262144"
Player connection [3620]  Target information:

Player connection [3620]  * "[IP] 192.168.0.14 [Port] 0 [Flags] 2 [Guid] 1022754057 [EditorId] 1022754057 [Version] 1048832 [Id] WindowsEditor(7,DESKTOP-FPLIGTL) [Debug] 1 [PackageName] WindowsEditor [ProjectName] Editor" 

Player connection [3620] Host joined multi-casting on [225.0.0.222:54997]...
Player connection [3620] Host joined alternative multi-casting on [225.0.0.222:34997]...
JobSystem: Creating JobQueue using job-worker-count value 5
Input System module state changed to: Initialized.
[Physics::Module] Initialized fallback backend.
[Physics::Module] Id: 0xdecafbad
Library Redirect Path: Library/
[Physics::Module] Selected backend.
[Physics::Module] Name: PhysX
[Physics::Module] Id: 0xf2b8ea05
[Physics::Module] SDK Version: 4.1.2
[Physics::Module] Integration Version: 1.0.0
[Physics::Module] Threading Mode: Multi-Threaded
Refreshing native plugins compatible for Editor in 2.23 ms, found 4 plugins.
Preloading 0 native plugins for Editor in 0.00 ms.
Initialize engine version: 6000.0.38f1 (82314a941f2d)
[Subsystems] Discovering subsystems at path C:/Program Files/Unity/Hub/Editor/6000.0.38f1/Editor/Data/Resources/UnitySubsystems
[Subsystems] Discovering subsystems at path C:/Users/Vlad/Desktop/UnityProject/Проект/Assets
GfxDevice: creating device client; kGfxThreadingModeNonThreaded
Direct3D:
    Version:  Direct3D 11.0 [level 11.1]
    Renderer: NVIDIA GeForce GTX 1650 (ID=0x1f82)
    Vendor:   NVIDIA
    VRAM:     3935 MB
    Driver:   32.0.15.7680
Initialize mono
Mono path[0] = 'C:/Program Files/Unity/Hub/Editor/6000.0.38f1/Editor/Data/Managed'
Mono path[1] = 'C:/Program Files/Unity/Hub/Editor/6000.0.38f1/Editor/Data/MonoBleedingEdge/lib/mono/unityjit-win32'
Mono config path = 'C:/Program Files/Unity/Hub/Editor/6000.0.38f1/Editor/Data/MonoBleedingEdge/etc'
Using monoOptions --debugger-agent=transport=dt_socket,embedding=1,server=y,suspend=n,address=127.0.0.1:56224
Begin MonoManager ReloadAssembly
Registering precompiled unity dll's ...
Register platform support module: C:/Program Files/Unity/Hub/Editor/6000.0.38f1/Editor/Data/PlaybackEngines/WebGLSupport/UnityEditor.WebGL.Extensions.dll
Register platform support module: C:/Program Files/Unity/Hub/Editor/6000.0.38f1/Editor/Data/PlaybackEngines/WindowsStandaloneSupport/UnityEditor.WindowsStandalone.Extensions.dll
Registered in 0.003788 seconds.
- Loaded All Assemblies, in  0.504 seconds
Native extension for WindowsStandalone target not found
Native extension for WebGL target not found
Mono: successfully reloaded assembly
- Finished resetting the current domain, in  0.379 seconds
Domain Reload Profiling: 880ms
	BeginReloadAssembly (163ms)
		ExecutionOrderSort (0ms)
		DisableScriptedObjects (0ms)
		BackupInstance (0ms)
		ReleaseScriptingObjects (0ms)
		CreateAndSetChildDomain (1ms)
	RebuildCommonClasses (52ms)
	RebuildNativeTypeToScriptingClass (15ms)
	initialDomainReloadingComplete (59ms)
	LoadAllAssembliesAndSetupDomain (211ms)
		LoadAssemblies (159ms)
		RebuildTransferFunctionScriptingTraits (0ms)
		AnalyzeDomain (206ms)
			TypeCache.Refresh (205ms)
				TypeCache.ScanAssembly (188ms)
			BuildScriptInfoCaches (0ms)
			ResolveRequiredComponents (0ms)
	FinalizeReload (379ms)
		ReleaseScriptCaches (0ms)
		RebuildScriptCaches (0ms)
		SetupLoadedEditorAssemblies (320ms)
			LogAssemblyErrors (0ms)
			InitializePlatformSupportModulesInManaged (35ms)
			SetLoadedEditorAssemblies (7ms)
			BeforeProcessingInitializeOnLoad (61ms)
			ProcessInitializeOnLoadAttributes (160ms)
			ProcessInitializeOnLoadMethodAttributes (57ms)
			AfterProcessingInitializeOnLoad (0ms)
			EditorAssembliesLoaded (0ms)
		ExecutionOrderSort2 (0ms)
		AwakeInstancesAfterBackupRestoration (0ms)
========================================================================
Worker process is ready to serve import requests
Import Worker Mode flag is 0x00
Begin MonoManager ReloadAssembly
Symbol file LoadedFromMemory is not a mono symbol file
- Loaded All Assemblies, in  0.892 seconds
Refreshing native plugins compatible for Editor in 1.40 ms, found 4 plugins.
Native extension for WindowsStandalone target not found
Native extension for WebGL target not found
Mono: successfully reloaded assembly
- Finished resetting the current domain, in  0.981 seconds
Domain Reload Profiling: 1869ms
	BeginReloadAssembly (175ms)
		ExecutionOrderSort (0ms)
		DisableScriptedObjects (7ms)
		BackupInstance (0ms)
		ReleaseScriptingObjects (0ms)
		CreateAndSetChildDomain (29ms)
	RebuildCommonClasses (46ms)
	RebuildNativeTypeToScriptingClass (14ms)
	initialDomainReloadingComplete (45ms)
	LoadAllAssembliesAndSetupDomain (607ms)
		LoadAssemblies (393ms)
		RebuildTransferFunctionScriptingTraits (0ms)
		AnalyzeDomain (319ms)
			TypeCache.Refresh (233ms)
				TypeCache.ScanAssembly (210ms)
			BuildScriptInfoCaches (70ms)
			ResolveRequiredComponents (14ms)
	FinalizeReload (981ms)
		ReleaseScriptCaches (0ms)
		RebuildScriptCaches (0ms)
		SetupLoadedEditorAssemblies (828ms)
			LogAssemblyErrors (0ms)
			InitializePlatformSupportModulesInManaged (3ms)
			SetLoadedEditorAssemblies (4ms)
			BeforeProcessingInitializeOnLoad (130ms)
			ProcessInitializeOnLoadAttributes (560ms)
			ProcessInitializeOnLoadMethodAttributes (125ms)
			AfterProcessingInitializeOnLoad (6ms)
			EditorAssembliesLoaded (0ms)
		ExecutionOrderSort2 (0ms)
		AwakeInstancesAfterBackupRestoration (5ms)
Launched and connected shader compiler UnityShaderCompiler.exe after 0.01 seconds
Refreshing native plugins compatible for Editor in 2.35 ms, found 4 plugins.
Preloading 0 native plugins for Editor in 0.00 ms.
Unloading 221 Unused Serialized files (Serialized files now loaded: 0)
Unloading 6703 unused Assets / (7.6 MB). Loaded Objects now: 7344.
Memory consumption went from 179.0 MB to 171.4 MB.
Total: 14.379500 ms (FindLiveObjects: 0.987600 ms CreateObjectMapping: 1.482000 ms MarkObjects: 6.427500 ms  DeleteObjects: 5.481000 ms)

========================================================================
Received Prepare
Begin MonoManager ReloadAssembly
Symbol file LoadedFromMemory is not a mono symbol file
- Loaded All Assemblies, in  0.900 seconds
Refreshing native plugins compatible for Editor in 1.69 ms, found 4 plugins.
Native extension for WindowsStandalone target not found
Native extension for WebGL target not found
Mono: successfully reloaded assembly
- Finished resetting the current domain, in  1.100 seconds
Domain Reload Profiling: 1999ms
	BeginReloadAssembly (235ms)
		ExecutionOrderSort (0ms)
		DisableScriptedObjects (16ms)
		BackupInstance (0ms)
		ReleaseScriptingObjects (0ms)
		CreateAndSetChildDomain (59ms)
	RebuildCommonClasses (44ms)
	RebuildNativeTypeToScriptingClass (21ms)
	initialDomainReloadingComplete (36ms)
	LoadAllAssembliesAndSetupDomain (562ms)
		LoadAssemblies (410ms)
		RebuildTransferFunctionScriptingTraits (0ms)
		AnalyzeDomain (265ms)
			TypeCache.Refresh (10ms)
				TypeCache.ScanAssembly (0ms)
			BuildScriptInfoCaches (237ms)
			ResolveRequiredComponents (13ms)
	FinalizeReload (1100ms)
		ReleaseScriptCaches (0ms)
		RebuildScriptCaches (0ms)
		SetupLoadedEditorAssemblies (835ms)
			LogAssemblyErrors (0ms)
			InitializePlatformSupportModulesInManaged (4ms)
			SetLoadedEditorAssemblies (7ms)
			BeforeProcessingInitializeOnLoad (172ms)
			ProcessInitializeOnLoadAttributes (566ms)
			ProcessInitializeOnLoadMethodAttributes (80ms)
			AfterProcessingInitializeOnLoad (6ms)
			EditorAssembliesLoaded (0ms)
		ExecutionOrderSort2 (0ms)
		AwakeInstancesAfterBackupRestoration (21ms)
Refreshing native plugins compatible for Editor in 2.47 ms, found 4 plugins.
Preloading 0 native plugins for Editor in 0.00 ms.
Unloading 43 Unused Serialized files (Serialized files now loaded: 0)
Unloading 6701 unused Assets / (9.0 MB). Loaded Objects now: 7347.
Memory consumption went from 152.7 MB to 143.8 MB.
Total: 22.768100 ms (FindLiveObjects: 1.002100 ms CreateObjectMapping: 1.689400 ms MarkObjects: 8.528600 ms  DeleteObjects: 11.547000 ms)

Prepare: number of updated asset objects reloaded= 0
========================================================================
Received Import Request.
  Time since last request: 4656.651781 seconds.
  path: Assets/Prefabs/Effects/ChestSpawn0.prefab
  artifactKey: Guid(ebc437df1c423064795055c10da7489d) Importer(815301076,1909f56bfc062723c751e8b465ee728b)
Start importing Assets/Prefabs/Effects/ChestSpawn0.prefab using Guid(ebc437df1c423064795055c10da7489d) Importer(815301076,1909f56bfc062723c751e8b465ee728b) (PreviewImporter) -> (artifact id: '259361e80c8764bd0643e0bf18269a2a') in 0.5464639 seconds
Number of updated asset objects reloaded before import = 0Number of asset objects unloaded after import = 10

========================================================================
Received Import Request.
  Time since last request: 37.952840 seconds.
  path: Assets/Prefabs/Effects/ChestSpawn1.prefab
  artifactKey: Guid(78d26ace7b471a546b7cc98aed231fdb) Importer(815301076,1909f56bfc062723c751e8b465ee728b)
Start importing Assets/Prefabs/Effects/ChestSpawn1.prefab using Guid(78d26ace7b471a546b7cc98aed231fdb) Importer(815301076,1909f56bfc062723c751e8b465ee728b) (PreviewImporter) -> (artifact id: '117f1f5818b03fe85bb52216b903f645') in 0.0071652 seconds
Number of updated asset objects reloaded before import = 0Number of asset objects unloaded after import = 8

========================================================================
Received Import Request.
  Time since last request: 6.638457 seconds.
  path: Assets/Prefabs/Effects/ChestSpawn1.prefab
  artifactKey: Guid(78d26ace7b471a546b7cc98aed231fdb) Importer(815301076,1909f56bfc062723c751e8b465ee728b)
Start importing Assets/Prefabs/Effects/ChestSpawn1.prefab using Guid(78d26ace7b471a546b7cc98aed231fdb) Importer(815301076,1909f56bfc062723c751e8b465ee728b) (PreviewImporter) -> (artifact id: '4bd9a5a11f52ddeeb1e5e4f4332322d4') in 0.0085833 seconds
Number of updated asset objects reloaded before import = 0Number of asset objects unloaded after import = 8

========================================================================
Received Import Request.
  Time since last request: 3.833746 seconds.
  path: Assets/Prefabs/Effects/ChestSpawn1.prefab
  artifactKey: Guid(78d26ace7b471a546b7cc98aed231fdb) Importer(815301076,1909f56bfc062723c751e8b465ee728b)
Start importing Assets/Prefabs/Effects/ChestSpawn1.prefab using Guid(78d26ace7b471a546b7cc98aed231fdb) Importer(815301076,1909f56bfc062723c751e8b465ee728b) (PreviewImporter) -> (artifact id: 'aee3a27a2a370ce66f287e7ca9d18e70') in 0.009015 seconds
Number of updated asset objects reloaded before import = 0Number of asset objects unloaded after import = 8

========================================================================
Received Import Request.
  Time since last request: 13.617517 seconds.
  path: Assets/Prefabs/Effects/ChestSpawn0.prefab
  artifactKey: Guid(ebc437df1c423064795055c10da7489d) Importer(815301076,1909f56bfc062723c751e8b465ee728b)
Start importing Assets/Prefabs/Effects/ChestSpawn0.prefab using Guid(ebc437df1c423064795055c10da7489d) Importer(815301076,1909f56bfc062723c751e8b465ee728b) (PreviewImporter) -> (artifact id: '67edef6168151731da70f08fab0c8868') in 0.008276 seconds
Number of updated asset objects reloaded before import = 0Number of asset objects unloaded after import = 8

========================================================================
Received Import Request.
  Time since last request: 14.273680 seconds.
  path: Assets/Prefabs/Effects/ChestSpawn1 1.prefab
  artifactKey: Guid(8f6eb2a35968ddf4099ca01ef1b89e33) Importer(815301076,1909f56bfc062723c751e8b465ee728b)
Start importing Assets/Prefabs/Effects/ChestSpawn1 1.prefab using Guid(8f6eb2a35968ddf4099ca01ef1b89e33) Importer(815301076,1909f56bfc062723c751e8b465ee728b) (PreviewImporter) -> (artifact id: 'b4f9b42bd31031970c0c0c68deb2784f') in 0.0068281 seconds
Number of updated asset objects reloaded before import = 0Number of asset objects unloaded after import = 8

========================================================================
Received Import Request.
  Time since last request: 106.886897 seconds.
  path: Assets/Prefabs/Effects/PlayerTakeDamage.prefab
  artifactKey: Guid(8f6eb2a35968ddf4099ca01ef1b89e33) Importer(815301076,1909f56bfc062723c751e8b465ee728b)
Start importing Assets/Prefabs/Effects/PlayerTakeDamage.prefab using Guid(8f6eb2a35968ddf4099ca01ef1b89e33) Importer(815301076,1909f56bfc062723c751e8b465ee728b) (PreviewImporter) -> (artifact id: '1f7c1afd4401227caba3464b8c04e2d1') in 0.0065062 seconds
Number of updated asset objects reloaded before import = 0Number of asset objects unloaded after import = 8

========================================================================
Received Import Request.
  Time since last request: 17.458934 seconds.
  path: Assets/Prefabs/Effects/PlayerTakeDamage.prefab
  artifactKey: Guid(8f6eb2a35968ddf4099ca01ef1b89e33) Importer(815301076,1909f56bfc062723c751e8b465ee728b)
Start importing Assets/Prefabs/Effects/PlayerTakeDamage.prefab using Guid(8f6eb2a35968ddf4099ca01ef1b89e33) Importer(815301076,1909f56bfc062723c751e8b465ee728b) (PreviewImporter) -> (artifact id: '774b23cb87539ee425bdbb5f5055e005') in 0.0083404 seconds
Number of updated asset objects reloaded before import = 0Number of asset objects unloaded after import = 8

========================================================================
Received Import Request.
  Time since last request: 35.843201 seconds.
  path: Assets/Prefabs/Effects/PlayerTakeDamage.prefab
  artifactKey: Guid(8f6eb2a35968ddf4099ca01ef1b89e33) Importer(815301076,1909f56bfc062723c751e8b465ee728b)
Start importing Assets/Prefabs/Effects/PlayerTakeDamage.prefab using Guid(8f6eb2a35968ddf4099ca01ef1b89e33) Importer(815301076,1909f56bfc062723c751e8b465ee728b) (PreviewImporter) -> (artifact id: '9a31db0bb3baafbfe8159d7d137aef80') in 0.0092749 seconds
Number of updated asset objects reloaded before import = 0Number of asset objects unloaded after import = 8

========================================================================
Received Import Request.
  Time since last request: 26.787718 seconds.
  path: Assets/Prefabs/Effects/PlayerTakeDamage.prefab
  artifactKey: Guid(8f6eb2a35968ddf4099ca01ef1b89e33) Importer(815301076,1909f56bfc062723c751e8b465ee728b)
Start importing Assets/Prefabs/Effects/PlayerTakeDamage.prefab using Guid(8f6eb2a35968ddf4099ca01ef1b89e33) Importer(815301076,1909f56bfc062723c751e8b465ee728b) (PreviewImporter) -> (artifact id: 'ce131ab0b406ba91ba6c5fd5e32eecd6') in 0.0075066 seconds
Number of updated asset objects reloaded before import = 0Number of asset objects unloaded after import = 8

========================================================================
Received Import Request.
  Time since last request: 15.434658 seconds.
  path: Assets/Prefabs/Effects/ChestSpawn1 1.prefab
  artifactKey: Guid(4b66daaad7bd7164ca5201a5bf3e27df) Importer(815301076,1909f56bfc062723c751e8b465ee728b)
Start importing Assets/Prefabs/Effects/ChestSpawn1 1.prefab using Guid(4b66daaad7bd7164ca5201a5bf3e27df) Importer(815301076,1909f56bfc062723c751e8b465ee728b) (PreviewImporter) -> (artifact id: 'bc52aa3a9d709fcb597dc4e38f3213e6') in 0.0082136 seconds
Number of updated asset objects reloaded before import = 0Number of asset objects unloaded after import = 8

========================================================================
Received Import Request.
  Time since last request: 7.267298 seconds.
  path: Assets/Prefabs/Effects/WallsDestroyed.prefab
  artifactKey: Guid(4b66daaad7bd7164ca5201a5bf3e27df) Importer(815301076,1909f56bfc062723c751e8b465ee728b)
Start importing Assets/Prefabs/Effects/WallsDestroyed.prefab using Guid(4b66daaad7bd7164ca5201a5bf3e27df) Importer(815301076,1909f56bfc062723c751e8b465ee728b) (PreviewImporter) -> (artifact id: '5d054e052fc86d97e96713945de09e34') in 0.008602 seconds
Number of updated asset objects reloaded before import = 0Number of asset objects unloaded after import = 8

========================================================================
Received Import Request.
  Time since last request: 121.986469 seconds.
  path: Assets/Sprites/дым.png
  artifactKey: Guid(60bbffcce6a9a0c45853271528c9c192) Importer(815301076,1909f56bfc062723c751e8b465ee728b)
Start importing Assets/Sprites/дым.png using Guid(60bbffcce6a9a0c45853271528c9c192) Importer(815301076,1909f56bfc062723c751e8b465ee728b) (PreviewImporter) -> (artifact id: '00ef521aec336e4629dc280fff5e4824') in 0.0412027 seconds
Number of updated asset objects reloaded before import = 0Number of asset objects unloaded after import = 3

========================================================================
Received Import Request.
  Time since last request: 31.871201 seconds.
  path: Assets/Prefabs/Characters/Player.prefab
  artifactKey: Guid(314b71d0a6b157e4a82a20cf028aa5a0) Importer(815301076,1909f56bfc062723c751e8b465ee728b)
Start importing Assets/Prefabs/Characters/Player.prefab using Guid(314b71d0a6b157e4a82a20cf028aa5a0) Importer(815301076,1909f56bfc062723c751e8b465ee728b) (PreviewImporter) -> (artifact id: '1c90ba5f3690952df26d7846e01617e1') in 0.0339009 seconds
Number of updated asset objects reloaded before import = 0Number of asset objects unloaded after import = 84

========================================================================
Received Prepare
Begin MonoManager ReloadAssembly
Symbol file LoadedFromMemory is not a mono symbol file
- Loaded All Assemblies, in  0.856 seconds
Refreshing native plugins compatible for Editor in 1.46 ms, found 4 plugins.
Native extension for WindowsStandalone target not found
Native extension for WebGL target not found
Mono: successfully reloaded assembly
- Finished resetting the current domain, in  0.996 seconds
Domain Reload Profiling: 1849ms
	BeginReloadAssembly (256ms)
		ExecutionOrderSort (0ms)
		DisableScriptedObjects (32ms)
		BackupInstance (0ms)
		ReleaseScriptingObjects (0ms)
		CreateAndSetChildDomain (67ms)
	RebuildCommonClasses (39ms)
	RebuildNativeTypeToScriptingClass (16ms)
	initialDomainReloadingComplete (36ms)
	LoadAllAssembliesAndSetupDomain (506ms)
		LoadAssemblies (386ms)
		RebuildTransferFunctionScriptingTraits (0ms)
		AnalyzeDomain (234ms)
			TypeCache.Refresh (8ms)
				TypeCache.ScanAssembly (0ms)
			BuildScriptInfoCaches (210ms)
			ResolveRequiredComponents (13ms)
	FinalizeReload (996ms)
		ReleaseScriptCaches (0ms)
		RebuildScriptCaches (0ms)
		SetupLoadedEditorAssemblies (760ms)
			LogAssemblyErrors (0ms)
			InitializePlatformSupportModulesInManaged (3ms)
			SetLoadedEditorAssemblies (6ms)
			BeforeProcessingInitializeOnLoad (168ms)
			ProcessInitializeOnLoadAttributes (506ms)
			ProcessInitializeOnLoadMethodAttributes (68ms)
			AfterProcessingInitializeOnLoad (8ms)
			EditorAssembliesLoaded (0ms)
		ExecutionOrderSort2 (0ms)
		AwakeInstancesAfterBackupRestoration (12ms)
Refreshing native plugins compatible for Editor in 2.45 ms, found 4 plugins.
Preloading 0 native plugins for Editor in 0.00 ms.
Unloading 43 Unused Serialized files (Serialized files now loaded: 0)
Unloading 6701 unused Assets / (7.7 MB). Loaded Objects now: 7388.
Memory consumption went from 160.8 MB to 153.1 MB.
Total: 16.934800 ms (FindLiveObjects: 0.971900 ms CreateObjectMapping: 1.551300 ms MarkObjects: 8.383900 ms  DeleteObjects: 6.026400 ms)

Prepare: number of updated asset objects reloaded= 0
========================================================================
Received Import Request.
  Time since last request: 121.770392 seconds.
  path: Assets/Prefabs/Effects/PlayerTakeDamage 1.prefab
  artifactKey: Guid(d0de83468fa69f24988b7b8d2c5e6482) Importer(815301076,1909f56bfc062723c751e8b465ee728b)
Start importing Assets/Prefabs/Effects/PlayerTakeDamage 1.prefab using Guid(d0de83468fa69f24988b7b8d2c5e6482) Importer(815301076,1909f56bfc062723c751e8b465ee728b) (PreviewImporter) -> (artifact id: '643d9396f974e62eb45450cd015f2eec') in 0.4956484 seconds
Number of updated asset objects reloaded before import = 0Number of asset objects unloaded after import = 10

========================================================================
Received Import Request.
  Time since last request: 9.557121 seconds.
  path: Assets/Prefabs/Effects/EnemyTakeDamage.prefab
  artifactKey: Guid(d0de83468fa69f24988b7b8d2c5e6482) Importer(815301076,1909f56bfc062723c751e8b465ee728b)
Start importing Assets/Prefabs/Effects/EnemyTakeDamage.prefab using Guid(d0de83468fa69f24988b7b8d2c5e6482) Importer(815301076,1909f56bfc062723c751e8b465ee728b) (PreviewImporter) -> (artifact id: '76a0490f36d2b1e186736f3f61ab1b3e') in 0.0091134 seconds
Number of updated asset objects reloaded before import = 0Number of asset objects unloaded after import = 8

========================================================================
Received Import Request.
  Time since last request: 9.122677 seconds.
  path: Assets/Sprites/вспышка (белая).png
  artifactKey: Guid(00fcb3004240c974a881b88125c60db1) Importer(815301076,1909f56bfc062723c751e8b465ee728b)
Start importing Assets/Sprites/вспышка (белая).png using Guid(00fcb3004240c974a881b88125c60db1) Importer(815301076,1909f56bfc062723c751e8b465ee728b) (PreviewImporter) -> (artifact id: 'fa2923b6b7ea137e92bed5eca6198ace') in 0.0389047 seconds
Number of updated asset objects reloaded before import = 0Number of asset objects unloaded after import = 4

========================================================================
Received Import Request.
  Time since last request: 97.279374 seconds.
  path: Assets/Sprites/вспышка (белая).png
  artifactKey: Guid(00fcb3004240c974a881b88125c60db1) Importer(815301076,1909f56bfc062723c751e8b465ee728b)
Start importing Assets/Sprites/вспышка (белая).png using Guid(00fcb3004240c974a881b88125c60db1) Importer(815301076,1909f56bfc062723c751e8b465ee728b) (PreviewImporter) -> (artifact id: '1d1ce036f569c7261560410bbcd9c0db') in 0.0171804 seconds
Number of updated asset objects reloaded before import = 0Number of asset objects unloaded after import = 3

========================================================================
Received Import Request.
  Time since last request: 23.724234 seconds.
  path: Assets/Sprites/вспышка (белая).png
  artifactKey: Guid(00fcb3004240c974a881b88125c60db1) Importer(815301076,1909f56bfc062723c751e8b465ee728b)
Start importing Assets/Sprites/вспышка (белая).png using Guid(00fcb3004240c974a881b88125c60db1) Importer(815301076,1909f56bfc062723c751e8b465ee728b) (PreviewImporter) -> (artifact id: 'b3c1aaead7b0918a35e0a1176deb3947') in 0.0289442 seconds
Number of updated asset objects reloaded before import = 0Number of asset objects unloaded after import = 3

========================================================================
Received Prepare
Refreshing native plugins compatible for Editor in 2.87 ms, found 4 plugins.
Preloading 0 native plugins for Editor in 0.00 ms.
Unloading 43 Unused Serialized files (Serialized files now loaded: 0)
Unloading 6690 unused Assets / (7.7 MB). Loaded Objects now: 7518.
Memory consumption went from 165.9 MB to 158.2 MB.
Total: 23.249300 ms (FindLiveObjects: 1.039700 ms CreateObjectMapping: 1.625200 ms MarkObjects: 12.605300 ms  DeleteObjects: 7.977600 ms)

Prepare: number of updated asset objects reloaded= 0
========================================================================
Received Prepare
Begin MonoManager ReloadAssembly
Symbol file LoadedFromMemory is not a mono symbol file
- Loaded All Assemblies, in  1.034 seconds
Refreshing native plugins compatible for Editor in 1.57 ms, found 4 plugins.
Native extension for WindowsStandalone target not found
Native extension for WebGL target not found
Mono: successfully reloaded assembly
- Finished resetting the current domain, in  0.989 seconds
Domain Reload Profiling: 2024ms
	BeginReloadAssembly (347ms)
		ExecutionOrderSort (0ms)
		DisableScriptedObjects (39ms)
		BackupInstance (0ms)
		ReleaseScriptingObjects (0ms)
		CreateAndSetChildDomain (86ms)
	RebuildCommonClasses (52ms)
	RebuildNativeTypeToScriptingClass (18ms)
	initialDomainReloadingComplete (36ms)
	LoadAllAssembliesAndSetupDomain (580ms)
		LoadAssemblies (431ms)
		RebuildTransferFunctionScriptingTraits (0ms)
		AnalyzeDomain (284ms)
			TypeCache.Refresh (14ms)
				TypeCache.ScanAssembly (2ms)
			BuildScriptInfoCaches (251ms)
			ResolveRequiredComponents (14ms)
	FinalizeReload (990ms)
		ReleaseScriptCaches (0ms)
		RebuildScriptCaches (0ms)
		SetupLoadedEditorAssemblies (746ms)
			LogAssemblyErrors (0ms)
			InitializePlatformSupportModulesInManaged (3ms)
			SetLoadedEditorAssemblies (4ms)
			BeforeProcessingInitializeOnLoad (148ms)
			ProcessInitializeOnLoadAttributes (519ms)
			ProcessInitializeOnLoadMethodAttributes (66ms)
			AfterProcessingInitializeOnLoad (6ms)
			EditorAssembliesLoaded (0ms)
		ExecutionOrderSort2 (0ms)
		AwakeInstancesAfterBackupRestoration (13ms)
Refreshing native plugins compatible for Editor in 2.31 ms, found 4 plugins.
Preloading 0 native plugins for Editor in 0.00 ms.
Unloading 43 Unused Serialized files (Serialized files now loaded: 0)
Unloading 6701 unused Assets / (7.6 MB). Loaded Objects now: 7418.
Memory consumption went from 162.4 MB to 154.8 MB.
Total: 16.316300 ms (FindLiveObjects: 1.088600 ms CreateObjectMapping: 1.473600 ms MarkObjects: 8.116100 ms  DeleteObjects: 5.636600 ms)

Prepare: number of updated asset objects reloaded= 0
========================================================================
Received Prepare
Refreshing native plugins compatible for Editor in 3.76 ms, found 4 plugins.
Preloading 0 native plugins for Editor in 0.00 ms.
Unloading 43 Unused Serialized files (Serialized files now loaded: 0)
Unloading 6690 unused Assets / (7.4 MB). Loaded Objects now: 7418.
Memory consumption went from 162.4 MB to 155.0 MB.
Total: 16.709600 ms (FindLiveObjects: 0.987000 ms CreateObjectMapping: 1.551900 ms MarkObjects: 8.751900 ms  DeleteObjects: 5.417700 ms)

Prepare: number of updated asset objects reloaded= 0
========================================================================
Received Prepare
Refreshing native plugins compatible for Editor in 29.09 ms, found 4 plugins.
Preloading 0 native plugins for Editor in 0.00 ms.
Unloading 43 Unused Serialized files (Serialized files now loaded: 0)
Unloading 6690 unused Assets / (5.3 MB). Loaded Objects now: 7418.
Memory consumption went from 162.4 MB to 157.1 MB.
Total: 25.466600 ms (FindLiveObjects: 5.218000 ms CreateObjectMapping: 1.760200 ms MarkObjects: 9.965500 ms  DeleteObjects: 8.521600 ms)

Prepare: number of updated asset objects reloaded= 0
========================================================================
Received Prepare
Begin MonoManager ReloadAssembly
Symbol file LoadedFromMemory is not a mono symbol file
- Loaded All Assemblies, in  0.888 seconds
Refreshing native plugins compatible for Editor in 1.59 ms, found 4 plugins.
Native extension for WindowsStandalone target not found
Native extension for WebGL target not found
Mono: successfully reloaded assembly
- Finished resetting the current domain, in  0.939 seconds
Domain Reload Profiling: 1826ms
	BeginReloadAssembly (264ms)
		ExecutionOrderSort (0ms)
		DisableScriptedObjects (16ms)
		BackupInstance (0ms)
		ReleaseScriptingObjects (0ms)
		CreateAndSetChildDomain (68ms)
	RebuildCommonClasses (44ms)
	RebuildNativeTypeToScriptingClass (15ms)
	initialDomainReloadingComplete (35ms)
	LoadAllAssembliesAndSetupDomain (529ms)
		LoadAssemblies (396ms)
		RebuildTransferFunctionScriptingTraits (0ms)
		AnalyzeDomain (260ms)
			TypeCache.Refresh (13ms)
				TypeCache.ScanAssembly (1ms)
			BuildScriptInfoCaches (222ms)
			ResolveRequiredComponents (20ms)
	FinalizeReload (939ms)
		ReleaseScriptCaches (0ms)
		RebuildScriptCaches (0ms)
		SetupLoadedEditorAssemblies (708ms)
			LogAssemblyErrors (0ms)
			InitializePlatformSupportModulesInManaged (3ms)
			SetLoadedEditorAssemblies (5ms)
			BeforeProcessingInitializeOnLoad (135ms)
			ProcessInitializeOnLoadAttributes (493ms)
			ProcessInitializeOnLoadMethodAttributes (66ms)
			AfterProcessingInitializeOnLoad (6ms)
			EditorAssembliesLoaded (0ms)
		ExecutionOrderSort2 (0ms)
		AwakeInstancesAfterBackupRestoration (16ms)
Refreshing native plugins compatible for Editor in 2.29 ms, found 4 plugins.
Preloading 0 native plugins for Editor in 0.00 ms.
Unloading 43 Unused Serialized files (Serialized files now loaded: 0)
Unloading 6701 unused Assets / (7.6 MB). Loaded Objects now: 7420.
Memory consumption went from 162.3 MB to 154.7 MB.
Total: 16.919200 ms (FindLiveObjects: 1.018200 ms CreateObjectMapping: 1.473800 ms MarkObjects: 8.232700 ms  DeleteObjects: 6.193200 ms)

Prepare: number of updated asset objects reloaded= 0
========================================================================
Received Import Request.
  Time since last request: 131.857303 seconds.
  path: Assets/Prefabs/Characters/Enemy.prefab
  artifactKey: Guid(3d909e98fb0f9eb4fb321cd2e5645dfa) Importer(815301076,1909f56bfc062723c751e8b465ee728b)
Start importing Assets/Prefabs/Characters/Enemy.prefab using Guid(3d909e98fb0f9eb4fb321cd2e5645dfa) Importer(815301076,1909f56bfc062723c751e8b465ee728b) (PreviewImporter) -> (artifact id: 'f5ce8d727b4dcd4716d7052d2e6b7b94') in 0.5182182 seconds
Number of updated asset objects reloaded before import = 0Number of asset objects unloaded after import = 41

========================================================================
Received Import Request.
  Time since last request: 0.000032 seconds.
  path: Assets/Prefabs/Characters/Ranged Enemy.prefab
  artifactKey: Guid(ca1eac78e03ab044c90e94439399cef1) Importer(815301076,1909f56bfc062723c751e8b465ee728b)
Start importing Assets/Prefabs/Characters/Ranged Enemy.prefab using Guid(ca1eac78e03ab044c90e94439399cef1) Importer(815301076,1909f56bfc062723c751e8b465ee728b) (PreviewImporter) -> (artifact id: '161535835a765203eb3b3553770a5852') in 0.0154737 seconds
Number of updated asset objects reloaded before import = 0Number of asset objects unloaded after import = 51

========================================================================
Received Import Request.
  Time since last request: 7.219235 seconds.
  path: Assets/Prefabs/Effects/EnemyTakeDamage.prefab
  artifactKey: Guid(d0de83468fa69f24988b7b8d2c5e6482) Importer(815301076,1909f56bfc062723c751e8b465ee728b)
Start importing Assets/Prefabs/Effects/EnemyTakeDamage.prefab using Guid(d0de83468fa69f24988b7b8d2c5e6482) Importer(815301076,1909f56bfc062723c751e8b465ee728b) (PreviewImporter) -> (artifact id: '791d6b45fa5fe0ae72cee74a9a9400e2') in 0.0092538 seconds
Number of updated asset objects reloaded before import = 0Number of asset objects unloaded after import = 8

========================================================================
Received Import Request.
  Time since last request: 7.476485 seconds.
  path: Assets/Prefabs/Characters/Enemy.prefab
  artifactKey: Guid(3d909e98fb0f9eb4fb321cd2e5645dfa) Importer(815301076,1909f56bfc062723c751e8b465ee728b)
Start importing Assets/Prefabs/Characters/Enemy.prefab using Guid(3d909e98fb0f9eb4fb321cd2e5645dfa) Importer(815301076,1909f56bfc062723c751e8b465ee728b) (PreviewImporter) -> (artifact id: 'cb01c629054dcf65df5410bdbbca85cb') in 0.0172037 seconds
Number of updated asset objects reloaded before import = 0Number of asset objects unloaded after import = 46

========================================================================
Received Prepare
Begin MonoManager ReloadAssembly
Symbol file LoadedFromMemory is not a mono symbol file
- Loaded All Assemblies, in  0.858 seconds
Refreshing native plugins compatible for Editor in 1.52 ms, found 4 plugins.
Native extension for WindowsStandalone target not found
Native extension for WebGL target not found
Mono: successfully reloaded assembly
- Finished resetting the current domain, in  0.977 seconds
Domain Reload Profiling: 1835ms
	BeginReloadAssembly (247ms)
		ExecutionOrderSort (0ms)
		DisableScriptedObjects (31ms)
		BackupInstance (0ms)
		ReleaseScriptingObjects (0ms)
		CreateAndSetChildDomain (71ms)
	RebuildCommonClasses (47ms)
	RebuildNativeTypeToScriptingClass (15ms)
	initialDomainReloadingComplete (35ms)
	LoadAllAssembliesAndSetupDomain (513ms)
		LoadAssemblies (360ms)
		RebuildTransferFunctionScriptingTraits (0ms)
		AnalyzeDomain (254ms)
			TypeCache.Refresh (8ms)
				TypeCache.ScanAssembly (0ms)
			BuildScriptInfoCaches (228ms)
			ResolveRequiredComponents (14ms)
	FinalizeReload (977ms)
		ReleaseScriptCaches (0ms)
		RebuildScriptCaches (0ms)
		SetupLoadedEditorAssemblies (746ms)
			LogAssemblyErrors (0ms)
			InitializePlatformSupportModulesInManaged (3ms)
			SetLoadedEditorAssemblies (4ms)
			BeforeProcessingInitializeOnLoad (146ms)
			ProcessInitializeOnLoadAttributes (521ms)
			ProcessInitializeOnLoadMethodAttributes (66ms)
			AfterProcessingInitializeOnLoad (6ms)
			EditorAssembliesLoaded (0ms)
		ExecutionOrderSort2 (0ms)
		AwakeInstancesAfterBackupRestoration (17ms)
Refreshing native plugins compatible for Editor in 2.40 ms, found 4 plugins.
Preloading 0 native plugins for Editor in 0.00 ms.
Unloading 43 Unused Serialized files (Serialized files now loaded: 0)
Unloading 6701 unused Assets / (7.5 MB). Loaded Objects now: 7444.
Memory consumption went from 164.0 MB to 156.5 MB.
Total: 16.754400 ms (FindLiveObjects: 1.046800 ms CreateObjectMapping: 1.537900 ms MarkObjects: 8.678900 ms  DeleteObjects: 5.489500 ms)

Prepare: number of updated asset objects reloaded= 0
========================================================================
Received Import Request.
  Time since last request: 79.330002 seconds.
  path: Assets/Prefabs/Effects/EnemyTakeDamage.prefab
  artifactKey: Guid(d0de83468fa69f24988b7b8d2c5e6482) Importer(815301076,1909f56bfc062723c751e8b465ee728b)
Start importing Assets/Prefabs/Effects/EnemyTakeDamage.prefab using Guid(d0de83468fa69f24988b7b8d2c5e6482) Importer(815301076,1909f56bfc062723c751e8b465ee728b) (PreviewImporter) -> (artifact id: '743c477f850b7ef524de8b301d6c4181') in 0.4851424 seconds
Number of updated asset objects reloaded before import = 0Number of asset objects unloaded after import = 10

========================================================================
Received Prepare
Begin MonoManager ReloadAssembly
Symbol file LoadedFromMemory is not a mono symbol file
- Loaded All Assemblies, in  0.845 seconds
Refreshing native plugins compatible for Editor in 1.44 ms, found 4 plugins.
Native extension for WindowsStandalone target not found
Native extension for WebGL target not found
Mono: successfully reloaded assembly
- Finished resetting the current domain, in  0.983 seconds
Domain Reload Profiling: 1827ms
	BeginReloadAssembly (242ms)
		ExecutionOrderSort (0ms)
		DisableScriptedObjects (30ms)
		BackupInstance (0ms)
		ReleaseScriptingObjects (0ms)
		CreateAndSetChildDomain (70ms)
	RebuildCommonClasses (42ms)
	RebuildNativeTypeToScriptingClass (15ms)
	initialDomainReloadingComplete (32ms)
	LoadAllAssembliesAndSetupDomain (513ms)
		LoadAssemblies (373ms)
		RebuildTransferFunctionScriptingTraits (0ms)
		AnalyzeDomain (237ms)
			TypeCache.Refresh (8ms)
				TypeCache.ScanAssembly (0ms)
			BuildScriptInfoCaches (213ms)
			ResolveRequiredComponents (13ms)
	FinalizeReload (983ms)
		ReleaseScriptCaches (0ms)
		RebuildScriptCaches (0ms)
		SetupLoadedEditorAssemblies (750ms)
			LogAssemblyErrors (0ms)
			InitializePlatformSupportModulesInManaged (4ms)
			SetLoadedEditorAssemblies (6ms)
			BeforeProcessingInitializeOnLoad (162ms)
			ProcessInitializeOnLoadAttributes (509ms)
			ProcessInitializeOnLoadMethodAttributes (64ms)
			AfterProcessingInitializeOnLoad (6ms)
			EditorAssembliesLoaded (0ms)
		ExecutionOrderSort2 (0ms)
		AwakeInstancesAfterBackupRestoration (13ms)
Refreshing native plugins compatible for Editor in 2.35 ms, found 4 plugins.
Preloading 0 native plugins for Editor in 0.00 ms.
Unloading 43 Unused Serialized files (Serialized files now loaded: 0)
Unloading 6701 unused Assets / (7.5 MB). Loaded Objects now: 7468.
Memory consumption went from 165.5 MB to 158.0 MB.
Total: 16.800100 ms (FindLiveObjects: 1.072700 ms CreateObjectMapping: 1.431100 ms MarkObjects: 8.442100 ms  DeleteObjects: 5.852800 ms)

Prepare: number of updated asset objects reloaded= 0
========================================================================
Received Import Request.
  Time since last request: 37.046596 seconds.
  path: Assets/Prefabs/Effects/EnemyTakeDamage.prefab
  artifactKey: Guid(d0de83468fa69f24988b7b8d2c5e6482) Importer(815301076,1909f56bfc062723c751e8b465ee728b)
Start importing Assets/Prefabs/Effects/EnemyTakeDamage.prefab using Guid(d0de83468fa69f24988b7b8d2c5e6482) Importer(815301076,1909f56bfc062723c751e8b465ee728b) (PreviewImporter) -> (artifact id: 'e936063ed0aa5f6e2af9587dc159b7f4') in 0.4859415 seconds
Number of updated asset objects reloaded before import = 0Number of asset objects unloaded after import = 10

========================================================================
Received Import Request.
  Time since last request: 4.255492 seconds.
  path: Assets/Prefabs/Effects/EnemyTakeDamage.prefab
  artifactKey: Guid(d0de83468fa69f24988b7b8d2c5e6482) Importer(815301076,1909f56bfc062723c751e8b465ee728b)
Start importing Assets/Prefabs/Effects/EnemyTakeDamage.prefab using Guid(d0de83468fa69f24988b7b8d2c5e6482) Importer(815301076,1909f56bfc062723c751e8b465ee728b) (PreviewImporter) -> (artifact id: '73a841642e95e12542167be2f7f9e603') in 0.0076139 seconds
Number of updated asset objects reloaded before import = 0Number of asset objects unloaded after import = 8

========================================================================
Received Import Request.
  Time since last request: 17.538115 seconds.
  path: Assets/Prefabs/Effects/EnemyTakeDamage.prefab
  artifactKey: Guid(d0de83468fa69f24988b7b8d2c5e6482) Importer(815301076,1909f56bfc062723c751e8b465ee728b)
Start importing Assets/Prefabs/Effects/EnemyTakeDamage.prefab using Guid(d0de83468fa69f24988b7b8d2c5e6482) Importer(815301076,1909f56bfc062723c751e8b465ee728b) (PreviewImporter) -> (artifact id: '1e7029a43c8c2ca17c3e168633063519') in 0.00679 seconds
Number of updated asset objects reloaded before import = 0Number of asset objects unloaded after import = 8

========================================================================
Received Import Request.
  Time since last request: 3.965366 seconds.
  path: Assets/Prefabs/Effects/EnemyTakeDamage.prefab
  artifactKey: Guid(d0de83468fa69f24988b7b8d2c5e6482) Importer(815301076,1909f56bfc062723c751e8b465ee728b)
Start importing Assets/Prefabs/Effects/EnemyTakeDamage.prefab using Guid(d0de83468fa69f24988b7b8d2c5e6482) Importer(815301076,1909f56bfc062723c751e8b465ee728b) (PreviewImporter) -> (artifact id: '3565dda435f32abe5bb85c146a039b35') in 0.0078515 seconds
Number of updated asset objects reloaded before import = 0Number of asset objects unloaded after import = 8

========================================================================
Received Import Request.
  Time since last request: 7.682512 seconds.
  path: Assets/Prefabs/Effects/EnemyTakeDamage.prefab
  artifactKey: Guid(d0de83468fa69f24988b7b8d2c5e6482) Importer(815301076,1909f56bfc062723c751e8b465ee728b)
Start importing Assets/Prefabs/Effects/EnemyTakeDamage.prefab using Guid(d0de83468fa69f24988b7b8d2c5e6482) Importer(815301076,1909f56bfc062723c751e8b465ee728b) (PreviewImporter) -> (artifact id: 'c927a092a0790e063949f42dba341f56') in 0.0079759 seconds
Number of updated asset objects reloaded before import = 0Number of asset objects unloaded after import = 8

========================================================================
Received Import Request.
  Time since last request: 76.813012 seconds.
  path: Assets/Prefabs/Effects/EnemyTakeDamage.prefab
  artifactKey: Guid(d0de83468fa69f24988b7b8d2c5e6482) Importer(815301076,1909f56bfc062723c751e8b465ee728b)
Start importing Assets/Prefabs/Effects/EnemyTakeDamage.prefab using Guid(d0de83468fa69f24988b7b8d2c5e6482) Importer(815301076,1909f56bfc062723c751e8b465ee728b) (PreviewImporter) -> (artifact id: '07eaf86cbba86f2d9765f23088ba9d7c') in 0.0073268 seconds
Number of updated asset objects reloaded before import = 0Number of asset objects unloaded after import = 8

========================================================================
Received Import Request.
  Time since last request: 4.986728 seconds.
  path: Assets/Prefabs/Effects/EnemyTakeDamage.prefab
  artifactKey: Guid(d0de83468fa69f24988b7b8d2c5e6482) Importer(815301076,1909f56bfc062723c751e8b465ee728b)
Start importing Assets/Prefabs/Effects/EnemyTakeDamage.prefab using Guid(d0de83468fa69f24988b7b8d2c5e6482) Importer(815301076,1909f56bfc062723c751e8b465ee728b) (PreviewImporter) -> (artifact id: '0c60db73cdc8883159aef6f70de75979') in 0.0100445 seconds
Number of updated asset objects reloaded before import = 0Number of asset objects unloaded after import = 8

========================================================================
Received Import Request.
  Time since last request: 14.186297 seconds.
  path: Assets/Prefabs/Effects/EnemyTakeDamage.prefab
  artifactKey: Guid(d0de83468fa69f24988b7b8d2c5e6482) Importer(815301076,1909f56bfc062723c751e8b465ee728b)
Start importing Assets/Prefabs/Effects/EnemyTakeDamage.prefab using Guid(d0de83468fa69f24988b7b8d2c5e6482) Importer(815301076,1909f56bfc062723c751e8b465ee728b) (PreviewImporter) -> (artifact id: '6a1f31b460e255e9a1ad4c9aa7ad4cde') in 0.0061599 seconds
Number of updated asset objects reloaded before import = 0Number of asset objects unloaded after import = 8

========================================================================
Received Import Request.
  Time since last request: 7.770581 seconds.
  path: Assets/Prefabs/Effects/EnemyTakeDamage.prefab
  artifactKey: Guid(d0de83468fa69f24988b7b8d2c5e6482) Importer(815301076,1909f56bfc062723c751e8b465ee728b)
Start importing Assets/Prefabs/Effects/EnemyTakeDamage.prefab using Guid(d0de83468fa69f24988b7b8d2c5e6482) Importer(815301076,1909f56bfc062723c751e8b465ee728b) (PreviewImporter) -> (artifact id: 'b79c334ca93533faf1f5a8997193bbc4') in 0.007727 seconds
Number of updated asset objects reloaded before import = 0Number of asset objects unloaded after import = 8

========================================================================
Received Import Request.
  Time since last request: 13.121897 seconds.
  path: Assets/Prefabs/Effects/EnemyTakeDamage.prefab
  artifactKey: Guid(d0de83468fa69f24988b7b8d2c5e6482) Importer(815301076,1909f56bfc062723c751e8b465ee728b)
Start importing Assets/Prefabs/Effects/EnemyTakeDamage.prefab using Guid(d0de83468fa69f24988b7b8d2c5e6482) Importer(815301076,1909f56bfc062723c751e8b465ee728b) (PreviewImporter) -> (artifact id: 'a5324d5ff135fad951ec9174d4994dc0') in 0.0069803 seconds
Number of updated asset objects reloaded before import = 0Number of asset objects unloaded after import = 8

========================================================================
Received Import Request.
  Time since last request: 4.643578 seconds.
  path: Assets/Prefabs/Effects/EnemyTakeDamage.prefab
  artifactKey: Guid(d0de83468fa69f24988b7b8d2c5e6482) Importer(815301076,1909f56bfc062723c751e8b465ee728b)
Start importing Assets/Prefabs/Effects/EnemyTakeDamage.prefab using Guid(d0de83468fa69f24988b7b8d2c5e6482) Importer(815301076,1909f56bfc062723c751e8b465ee728b) (PreviewImporter) -> (artifact id: '377862700b4737f55d4defe8b4443eea') in 0.0070147 seconds
Number of updated asset objects reloaded before import = 0Number of asset objects unloaded after import = 8

========================================================================
Received Import Request.
  Time since last request: 15.318173 seconds.
  path: Assets/Prefabs/Effects/EnemyTakeDamage.prefab
  artifactKey: Guid(d0de83468fa69f24988b7b8d2c5e6482) Importer(815301076,1909f56bfc062723c751e8b465ee728b)
Start importing Assets/Prefabs/Effects/EnemyTakeDamage.prefab using Guid(d0de83468fa69f24988b7b8d2c5e6482) Importer(815301076,1909f56bfc062723c751e8b465ee728b) (PreviewImporter) -> (artifact id: 'b81c375a5b1e231479e9563f8eb7c266') in 0.0220052 seconds
Number of updated asset objects reloaded before import = 0Number of asset objects unloaded after import = 8

========================================================================
Received Import Request.
  Time since last request: 5.046248 seconds.
  path: Assets/Prefabs/Effects/EnemyTakeDamage.prefab
  artifactKey: Guid(d0de83468fa69f24988b7b8d2c5e6482) Importer(815301076,1909f56bfc062723c751e8b465ee728b)
Start importing Assets/Prefabs/Effects/EnemyTakeDamage.prefab using Guid(d0de83468fa69f24988b7b8d2c5e6482) Importer(815301076,1909f56bfc062723c751e8b465ee728b) (PreviewImporter) -> (artifact id: '70d7aee7f1de543f8ebb4f33c6767cbe') in 0.013387 seconds
Number of updated asset objects reloaded before import = 0Number of asset objects unloaded after import = 8

========================================================================
Received Import Request.
  Time since last request: 0.156204 seconds.
  path: Assets/Prefabs/Effects/EnemyTakeDamage.prefab
  artifactKey: Guid(d0de83468fa69f24988b7b8d2c5e6482) Importer(815301076,1909f56bfc062723c751e8b465ee728b)
Start importing Assets/Prefabs/Effects/EnemyTakeDamage.prefab using Guid(d0de83468fa69f24988b7b8d2c5e6482) Importer(815301076,1909f56bfc062723c751e8b465ee728b) (PreviewImporter) -> (artifact id: '2f63c0036e02ffd0add0c23bc3e97dae') in 0.0098254 seconds
Number of updated asset objects reloaded before import = 0Number of asset objects unloaded after import = 8

========================================================================
Received Import Request.
  Time since last request: 12.335816 seconds.
  path: Assets/Prefabs/Effects/EnemyTakeDamage.prefab
  artifactKey: Guid(d0de83468fa69f24988b7b8d2c5e6482) Importer(815301076,1909f56bfc062723c751e8b465ee728b)
Start importing Assets/Prefabs/Effects/EnemyTakeDamage.prefab using Guid(d0de83468fa69f24988b7b8d2c5e6482) Importer(815301076,1909f56bfc062723c751e8b465ee728b) (PreviewImporter) -> (artifact id: '63d48e003f51b9a23c46c1976bb4899e') in 0.0086323 seconds
Number of updated asset objects reloaded before import = 0Number of asset objects unloaded after import = 8

========================================================================
Received Import Request.
  Time since last request: 0.161796 seconds.
  path: Assets/Prefabs/Effects/EnemyTakeDamage.prefab
  artifactKey: Guid(d0de83468fa69f24988b7b8d2c5e6482) Importer(815301076,1909f56bfc062723c751e8b465ee728b)
Start importing Assets/Prefabs/Effects/EnemyTakeDamage.prefab using Guid(d0de83468fa69f24988b7b8d2c5e6482) Importer(815301076,1909f56bfc062723c751e8b465ee728b) (PreviewImporter) -> (artifact id: '6590492e94e529774bc1986514addc80') in 0.0134705 seconds
Number of updated asset objects reloaded before import = 0Number of asset objects unloaded after import = 8

========================================================================
Received Import Request.
  Time since last request: 8.243762 seconds.
  path: Assets/Prefabs/Effects/EnemyTakeDamage.prefab
  artifactKey: Guid(d0de83468fa69f24988b7b8d2c5e6482) Importer(815301076,1909f56bfc062723c751e8b465ee728b)
Start importing Assets/Prefabs/Effects/EnemyTakeDamage.prefab using Guid(d0de83468fa69f24988b7b8d2c5e6482) Importer(815301076,1909f56bfc062723c751e8b465ee728b) (PreviewImporter) -> (artifact id: 'a530fd4e60e1229fa15aadf4c0812fb7') in 0.0081164 seconds
Number of updated asset objects reloaded before import = 0Number of asset objects unloaded after import = 8

========================================================================
Received Import Request.
  Time since last request: 0.159300 seconds.
  path: Assets/Prefabs/Effects/EnemyTakeDamage.prefab
  artifactKey: Guid(d0de83468fa69f24988b7b8d2c5e6482) Importer(815301076,1909f56bfc062723c751e8b465ee728b)
Start importing Assets/Prefabs/Effects/EnemyTakeDamage.prefab using Guid(d0de83468fa69f24988b7b8d2c5e6482) Importer(815301076,1909f56bfc062723c751e8b465ee728b) (PreviewImporter) -> (artifact id: 'df084211d439630f6c379b53318d0ae5') in 0.0181427 seconds
Number of updated asset objects reloaded before import = 0Number of asset objects unloaded after import = 8

========================================================================
Received Import Request.
  Time since last request: 15.595375 seconds.
  path: Assets/Prefabs/Effects/EnemyTakeDamage.prefab
  artifactKey: Guid(d0de83468fa69f24988b7b8d2c5e6482) Importer(815301076,1909f56bfc062723c751e8b465ee728b)
Start importing Assets/Prefabs/Effects/EnemyTakeDamage.prefab using Guid(d0de83468fa69f24988b7b8d2c5e6482) Importer(815301076,1909f56bfc062723c751e8b465ee728b) (PreviewImporter) -> (artifact id: '5bb4e6cff248abafd9eac57b2010cd88') in 0.0069908 seconds
Number of updated asset objects reloaded before import = 0Number of asset objects unloaded after import = 8

========================================================================
Received Import Request.
  Time since last request: 11.546541 seconds.
  path: Assets/Prefabs/Effects/EnemyTakeDamage.prefab
  artifactKey: Guid(d0de83468fa69f24988b7b8d2c5e6482) Importer(815301076,1909f56bfc062723c751e8b465ee728b)
Start importing Assets/Prefabs/Effects/EnemyTakeDamage.prefab using Guid(d0de83468fa69f24988b7b8d2c5e6482) Importer(815301076,1909f56bfc062723c751e8b465ee728b) (PreviewImporter) -> (artifact id: '4e26c0767131e807bf382ef8cafe6c4e') in 0.0065738 seconds
Number of updated asset objects reloaded before import = 0Number of asset objects unloaded after import = 8

========================================================================
Received Import Request.
  Time since last request: 18.733776 seconds.
  path: Assets/Prefabs/Effects/EnemyTakeDamage.prefab
  artifactKey: Guid(d0de83468fa69f24988b7b8d2c5e6482) Importer(815301076,1909f56bfc062723c751e8b465ee728b)
Start importing Assets/Prefabs/Effects/EnemyTakeDamage.prefab using Guid(d0de83468fa69f24988b7b8d2c5e6482) Importer(815301076,1909f56bfc062723c751e8b465ee728b) (PreviewImporter) -> (artifact id: '39b9136def84b1ec2caaf5d127350175') in 0.0086944 seconds
Number of updated asset objects reloaded before import = 0Number of asset objects unloaded after import = 8

========================================================================
Received Import Request.
  Time since last request: 7.718686 seconds.
  path: Assets/Prefabs/Effects/EnemyTakeDamage.prefab
  artifactKey: Guid(d0de83468fa69f24988b7b8d2c5e6482) Importer(815301076,1909f56bfc062723c751e8b465ee728b)
Start importing Assets/Prefabs/Effects/EnemyTakeDamage.prefab using Guid(d0de83468fa69f24988b7b8d2c5e6482) Importer(815301076,1909f56bfc062723c751e8b465ee728b) (PreviewImporter) -> (artifact id: '83e58910cfbc04d5796a98efcd7582e6') in 0.006388 seconds
Number of updated asset objects reloaded before import = 0Number of asset objects unloaded after import = 8

========================================================================
Received Import Request.
  Time since last request: 12.329539 seconds.
  path: Assets/Prefabs/Effects/EnemyTakeDamage.prefab
  artifactKey: Guid(d0de83468fa69f24988b7b8d2c5e6482) Importer(815301076,1909f56bfc062723c751e8b465ee728b)
Start importing Assets/Prefabs/Effects/EnemyTakeDamage.prefab using Guid(d0de83468fa69f24988b7b8d2c5e6482) Importer(815301076,1909f56bfc062723c751e8b465ee728b) (PreviewImporter) -> (artifact id: '398495fd0464b01a01d06ac0388021b7') in 0.0075292 seconds
Number of updated asset objects reloaded before import = 0Number of asset objects unloaded after import = 8

========================================================================
Received Import Request.
  Time since last request: 19.862630 seconds.
  path: Assets/Prefabs/Effects/EnemyTakeDamage.prefab
  artifactKey: Guid(d0de83468fa69f24988b7b8d2c5e6482) Importer(815301076,1909f56bfc062723c751e8b465ee728b)
Start importing Assets/Prefabs/Effects/EnemyTakeDamage.prefab using Guid(d0de83468fa69f24988b7b8d2c5e6482) Importer(815301076,1909f56bfc062723c751e8b465ee728b) (PreviewImporter) -> (artifact id: '301c9526335597368827790cdf6020b9') in 0.0090376 seconds
Number of updated asset objects reloaded before import = 0Number of asset objects unloaded after import = 8

========================================================================
Received Import Request.
  Time since last request: 7.506680 seconds.
  path: Assets/Prefabs/Effects/EnemyTakeDamage.prefab
  artifactKey: Guid(d0de83468fa69f24988b7b8d2c5e6482) Importer(815301076,1909f56bfc062723c751e8b465ee728b)
Start importing Assets/Prefabs/Effects/EnemyTakeDamage.prefab using Guid(d0de83468fa69f24988b7b8d2c5e6482) Importer(815301076,1909f56bfc062723c751e8b465ee728b) (PreviewImporter) -> (artifact id: '3572f6f8e476252d61c1020ffa6be00b') in 0.0080427 seconds
Number of updated asset objects reloaded before import = 0Number of asset objects unloaded after import = 8

========================================================================
Received Import Request.
  Time since last request: 4.910354 seconds.
  path: Assets/Prefabs/Effects/EnemyTakeDamage.prefab
  artifactKey: Guid(d0de83468fa69f24988b7b8d2c5e6482) Importer(815301076,1909f56bfc062723c751e8b465ee728b)
Start importing Assets/Prefabs/Effects/EnemyTakeDamage.prefab using Guid(d0de83468fa69f24988b7b8d2c5e6482) Importer(815301076,1909f56bfc062723c751e8b465ee728b) (PreviewImporter) -> (artifact id: 'c37aeb1fb44ae629ef78af3290c036a1') in 0.0078101 seconds
Number of updated asset objects reloaded before import = 0Number of asset objects unloaded after import = 8

========================================================================
Received Import Request.
  Time since last request: 9.684859 seconds.
  path: Assets/Prefabs/Effects/EnemyTakeDamage.prefab
  artifactKey: Guid(d0de83468fa69f24988b7b8d2c5e6482) Importer(815301076,1909f56bfc062723c751e8b465ee728b)
Start importing Assets/Prefabs/Effects/EnemyTakeDamage.prefab using Guid(d0de83468fa69f24988b7b8d2c5e6482) Importer(815301076,1909f56bfc062723c751e8b465ee728b) (PreviewImporter) -> (artifact id: '19a817c67c67bf0c5963170dac813bcc') in 0.0069252 seconds
Number of updated asset objects reloaded before import = 0Number of asset objects unloaded after import = 8

========================================================================
Received Import Request.
  Time since last request: 6.712477 seconds.
  path: Assets/Prefabs/Effects/EnemyTakeDamage.prefab
  artifactKey: Guid(d0de83468fa69f24988b7b8d2c5e6482) Importer(815301076,1909f56bfc062723c751e8b465ee728b)
Start importing Assets/Prefabs/Effects/EnemyTakeDamage.prefab using Guid(d0de83468fa69f24988b7b8d2c5e6482) Importer(815301076,1909f56bfc062723c751e8b465ee728b) (PreviewImporter) -> (artifact id: '5d06db2a9a7308de943648e62f6944bb') in 0.0065766 seconds
Number of updated asset objects reloaded before import = 0Number of asset objects unloaded after import = 8

========================================================================
Received Import Request.
  Time since last request: 4.184827 seconds.
  path: Assets/Prefabs/Effects/EnemyTakeDamage.prefab
  artifactKey: Guid(d0de83468fa69f24988b7b8d2c5e6482) Importer(815301076,1909f56bfc062723c751e8b465ee728b)
Start importing Assets/Prefabs/Effects/EnemyTakeDamage.prefab using Guid(d0de83468fa69f24988b7b8d2c5e6482) Importer(815301076,1909f56bfc062723c751e8b465ee728b) (PreviewImporter) -> (artifact id: '93e3c8aaddc9b180781369c77ac430b7') in 0.0079231 seconds
Number of updated asset objects reloaded before import = 0Number of asset objects unloaded after import = 8

========================================================================
Received Import Request.
  Time since last request: 30.848815 seconds.
  path: Assets/Prefabs/Effects/EnemyTakeDamage.prefab
  artifactKey: Guid(d0de83468fa69f24988b7b8d2c5e6482) Importer(815301076,1909f56bfc062723c751e8b465ee728b)
Start importing Assets/Prefabs/Effects/EnemyTakeDamage.prefab using Guid(d0de83468fa69f24988b7b8d2c5e6482) Importer(815301076,1909f56bfc062723c751e8b465ee728b) (PreviewImporter) -> (artifact id: '400b906ce124d74bdfd6be07078013a6') in 0.0074837 seconds
Number of updated asset objects reloaded before import = 0Number of asset objects unloaded after import = 8

========================================================================
Received Prepare
Begin MonoManager ReloadAssembly
Symbol file LoadedFromMemory is not a mono symbol file
- Loaded All Assemblies, in  0.873 seconds
Refreshing native plugins compatible for Editor in 1.43 ms, found 4 plugins.
Native extension for WindowsStandalone target not found
Native extension for WebGL target not found
Mono: successfully reloaded assembly
- Finished resetting the current domain, in  1.013 seconds
Domain Reload Profiling: 1886ms
	BeginReloadAssembly (257ms)
		ExecutionOrderSort (0ms)
		DisableScriptedObjects (33ms)
		BackupInstance (0ms)
		ReleaseScriptingObjects (0ms)
		CreateAndSetChildDomain (68ms)
	RebuildCommonClasses (44ms)
	RebuildNativeTypeToScriptingClass (16ms)
	initialDomainReloadingComplete (34ms)
	LoadAllAssembliesAndSetupDomain (520ms)
		LoadAssemblies (383ms)
		RebuildTransferFunctionScriptingTraits (0ms)
		AnalyzeDomain (249ms)
			TypeCache.Refresh (10ms)
				TypeCache.ScanAssembly (0ms)
			BuildScriptInfoCaches (218ms)
			ResolveRequiredComponents (17ms)
	FinalizeReload (1014ms)
		ReleaseScriptCaches (0ms)
		RebuildScriptCaches (0ms)
		SetupLoadedEditorAssemblies (780ms)
			LogAssemblyErrors (0ms)
			InitializePlatformSupportModulesInManaged (3ms)
			SetLoadedEditorAssemblies (5ms)
			BeforeProcessingInitializeOnLoad (162ms)
			ProcessInitializeOnLoadAttributes (528ms)
			ProcessInitializeOnLoadMethodAttributes (75ms)
			AfterProcessingInitializeOnLoad (6ms)
			EditorAssembliesLoaded (0ms)
		ExecutionOrderSort2 (0ms)
		AwakeInstancesAfterBackupRestoration (14ms)
Refreshing native plugins compatible for Editor in 2.44 ms, found 4 plugins.
Preloading 0 native plugins for Editor in 0.00 ms.
Unloading 43 Unused Serialized files (Serialized files now loaded: 0)
Unloading 6701 unused Assets / (7.7 MB). Loaded Objects now: 7492.
Memory consumption went from 167.1 MB to 159.4 MB.
Total: 18.197900 ms (FindLiveObjects: 1.089600 ms CreateObjectMapping: 1.577100 ms MarkObjects: 8.877300 ms  DeleteObjects: 6.652300 ms)

Prepare: number of updated asset objects reloaded= 0
========================================================================
Received Prepare
Refreshing native plugins compatible for Editor in 2.44 ms, found 4 plugins.
Preloading 0 native plugins for Editor in 0.00 ms.
Unloading 43 Unused Serialized files (Serialized files now loaded: 0)
Unloading 6690 unused Assets / (7.8 MB). Loaded Objects now: 7492.
Memory consumption went from 167.1 MB to 159.3 MB.
Total: 18.775400 ms (FindLiveObjects: 1.107700 ms CreateObjectMapping: 2.270100 ms MarkObjects: 8.698000 ms  DeleteObjects: 6.698400 ms)

Prepare: number of updated asset objects reloaded= 0
========================================================================
Received Prepare
Begin MonoManager ReloadAssembly
Symbol file LoadedFromMemory is not a mono symbol file
- Loaded All Assemblies, in  0.892 seconds
Refreshing native plugins compatible for Editor in 1.60 ms, found 4 plugins.
Native extension for WindowsStandalone target not found
Native extension for WebGL target not found
Mono: successfully reloaded assembly
- Finished resetting the current domain, in  0.961 seconds
Domain Reload Profiling: 1851ms
	BeginReloadAssembly (240ms)
		ExecutionOrderSort (0ms)
		DisableScriptedObjects (16ms)
		BackupInstance (0ms)
		ReleaseScriptingObjects (0ms)
		CreateAndSetChildDomain (65ms)
	RebuildCommonClasses (50ms)
	RebuildNativeTypeToScriptingClass (16ms)
	initialDomainReloadingComplete (38ms)
	LoadAllAssembliesAndSetupDomain (546ms)
		LoadAssemblies (390ms)
		RebuildTransferFunctionScriptingTraits (0ms)
		AnalyzeDomain (265ms)
			TypeCache.Refresh (33ms)
				TypeCache.ScanAssembly (2ms)
			BuildScriptInfoCaches (215ms)
			ResolveRequiredComponents (13ms)
	FinalizeReload (961ms)
		ReleaseScriptCaches (0ms)
		RebuildScriptCaches (0ms)
		SetupLoadedEditorAssemblies (726ms)
			LogAssemblyErrors (0ms)
			InitializePlatformSupportModulesInManaged (3ms)
			SetLoadedEditorAssemblies (5ms)
			BeforeProcessingInitializeOnLoad (134ms)
			ProcessInitializeOnLoadAttributes (510ms)
			ProcessInitializeOnLoadMethodAttributes (68ms)
			AfterProcessingInitializeOnLoad (6ms)
			EditorAssembliesLoaded (0ms)
		ExecutionOrderSort2 (0ms)
		AwakeInstancesAfterBackupRestoration (15ms)
Refreshing native plugins compatible for Editor in 2.36 ms, found 4 plugins.
Preloading 0 native plugins for Editor in 0.00 ms.
Unloading 43 Unused Serialized files (Serialized files now loaded: 0)
Unloading 6701 unused Assets / (7.7 MB). Loaded Objects now: 7494.
Memory consumption went from 167.0 MB to 159.3 MB.
Total: 16.443800 ms (FindLiveObjects: 0.945900 ms CreateObjectMapping: 1.494600 ms MarkObjects: 8.127600 ms  DeleteObjects: 5.874300 ms)

Prepare: number of updated asset objects reloaded= 0
========================================================================
Received Prepare
Refreshing native plugins compatible for Editor in 2.93 ms, found 4 plugins.
Preloading 0 native plugins for Editor in 0.00 ms.
Unloading 43 Unused Serialized files (Serialized files now loaded: 0)
Unloading 6690 unused Assets / (7.1 MB). Loaded Objects now: 7494.
Memory consumption went from 167.1 MB to 160.0 MB.
Total: 17.575300 ms (FindLiveObjects: 1.100700 ms CreateObjectMapping: 1.464700 ms MarkObjects: 9.022600 ms  DeleteObjects: 5.986000 ms)

Prepare: number of updated asset objects reloaded= 0
========================================================================
Received Prepare
Refreshing native plugins compatible for Editor in 2.45 ms, found 4 plugins.
Preloading 0 native plugins for Editor in 0.00 ms.
Unloading 43 Unused Serialized files (Serialized files now loaded: 0)
Unloading 6690 unused Assets / (4.3 MB). Loaded Objects now: 7494.
Memory consumption went from 167.1 MB to 162.8 MB.
Total: 63.233000 ms (FindLiveObjects: 22.045700 ms CreateObjectMapping: 1.679300 ms MarkObjects: 33.847900 ms  DeleteObjects: 5.658700 ms)

Prepare: number of updated asset objects reloaded= 0
========================================================================
Received Prepare
Begin MonoManager ReloadAssembly
Symbol file LoadedFromMemory is not a mono symbol file
- Loaded All Assemblies, in  0.930 seconds
Refreshing native plugins compatible for Editor in 1.44 ms, found 4 plugins.
Native extension for WindowsStandalone target not found
Native extension for WebGL target not found
Mono: successfully reloaded assembly
- Finished resetting the current domain, in  0.940 seconds
Domain Reload Profiling: 1868ms
	BeginReloadAssembly (255ms)
		ExecutionOrderSort (0ms)
		DisableScriptedObjects (17ms)
		BackupInstance (0ms)
		ReleaseScriptingObjects (0ms)
		CreateAndSetChildDomain (63ms)
	RebuildCommonClasses (70ms)
	RebuildNativeTypeToScriptingClass (20ms)
	initialDomainReloadingComplete (47ms)
	LoadAllAssembliesAndSetupDomain (536ms)
		LoadAssemblies (395ms)
		RebuildTransferFunctionScriptingTraits (0ms)
		AnalyzeDomain (260ms)
			TypeCache.Refresh (12ms)
				TypeCache.ScanAssembly (1ms)
			BuildScriptInfoCaches (226ms)
			ResolveRequiredComponents (18ms)
	FinalizeReload (941ms)
		ReleaseScriptCaches (0ms)
		RebuildScriptCaches (0ms)
		SetupLoadedEditorAssemblies (718ms)
			LogAssemblyErrors (0ms)
			InitializePlatformSupportModulesInManaged (3ms)
			SetLoadedEditorAssemblies (6ms)
			BeforeProcessingInitializeOnLoad (132ms)
			ProcessInitializeOnLoadAttributes (508ms)
			ProcessInitializeOnLoadMethodAttributes (63ms)
			AfterProcessingInitializeOnLoad (6ms)
			EditorAssembliesLoaded (0ms)
		ExecutionOrderSort2 (0ms)
		AwakeInstancesAfterBackupRestoration (16ms)
Refreshing native plugins compatible for Editor in 2.40 ms, found 4 plugins.
Preloading 0 native plugins for Editor in 0.00 ms.
Unloading 43 Unused Serialized files (Serialized files now loaded: 0)
Unloading 6701 unused Assets / (7.6 MB). Loaded Objects now: 7496.
Memory consumption went from 167.0 MB to 159.4 MB.
Total: 16.914400 ms (FindLiveObjects: 1.040000 ms CreateObjectMapping: 1.564500 ms MarkObjects: 8.275300 ms  DeleteObjects: 6.032500 ms)

Prepare: number of updated asset objects reloaded= 0
========================================================================
Received Import Request.
  Time since last request: 118.346310 seconds.
  path: Assets/Prefabs/Terrain/Rooms/Bottom.prefab
  artifactKey: Guid(21997cd537b02a64ca42236fa7b8bcf1) Importer(815301076,1909f56bfc062723c751e8b465ee728b)
Start importing Assets/Prefabs/Terrain/Rooms/Bottom.prefab using Guid(21997cd537b02a64ca42236fa7b8bcf1) Importer(815301076,1909f56bfc062723c751e8b465ee728b) (PreviewImporter) -> (artifact id: '460f5363fe1cd40794986ea140180624') in 0.5768151 seconds
Number of updated asset objects reloaded before import = 0Number of asset objects unloaded after import = 633

========================================================================
Received Import Request.
  Time since last request: 0.000035 seconds.
  path: Assets/Prefabs/Terrain/Rooms/Right.prefab
  artifactKey: Guid(115882d51f3340f4c97698153431c4b3) Importer(815301076,1909f56bfc062723c751e8b465ee728b)
Start importing Assets/Prefabs/Terrain/Rooms/Right.prefab using Guid(115882d51f3340f4c97698153431c4b3) Importer(815301076,1909f56bfc062723c751e8b465ee728b) (PreviewImporter) -> (artifact id: 'eb58091a34ff5651a5bbf8beabaf7d60') in 0.0326658 seconds
Number of updated asset objects reloaded before import = 0Number of asset objects unloaded after import = 628

========================================================================
Received Import Request.
  Time since last request: 0.000037 seconds.
  path: Assets/Prefabs/Terrain/Rooms/TopBottom 1.prefab
  artifactKey: Guid(a1a02d76574bfa64a8a52d40ae56043b) Importer(815301076,1909f56bfc062723c751e8b465ee728b)
Start importing Assets/Prefabs/Terrain/Rooms/TopBottom 1.prefab using Guid(a1a02d76574bfa64a8a52d40ae56043b) Importer(815301076,1909f56bfc062723c751e8b465ee728b) (PreviewImporter) -> (artifact id: 'ace115451c96b9ebb6a06d1626b31c60') in 0.0278956 seconds
Number of updated asset objects reloaded before import = 0Number of asset objects unloaded after import = 649

========================================================================
Received Import Request.
  Time since last request: 0.000024 seconds.
  path: Assets/Prefabs/Terrain/Rooms/BottomLeft.prefab
  artifactKey: Guid(e5ba9c07622c12d4fa1124582905eeaf) Importer(815301076,1909f56bfc062723c751e8b465ee728b)
Start importing Assets/Prefabs/Terrain/Rooms/BottomLeft.prefab using Guid(e5ba9c07622c12d4fa1124582905eeaf) Importer(815301076,1909f56bfc062723c751e8b465ee728b) (PreviewImporter) -> (artifact id: 'd4e141765e98a0b56ef54dbbb9384792') in 0.0319697 seconds
Number of updated asset objects reloaded before import = 0Number of asset objects unloaded after import = 646

========================================================================
Received Import Request.
  Time since last request: 0.000026 seconds.
  path: Assets/Prefabs/Terrain/Rooms/Top 1.prefab
  artifactKey: Guid(58dac912f823d6544a11acea133fa8b3) Importer(815301076,1909f56bfc062723c751e8b465ee728b)
Start importing Assets/Prefabs/Terrain/Rooms/Top 1.prefab using Guid(58dac912f823d6544a11acea133fa8b3) Importer(815301076,1909f56bfc062723c751e8b465ee728b) (PreviewImporter) -> (artifact id: 'de32a66588bfab4589d1b33b54f2d088') in 0.0275023 seconds
Number of updated asset objects reloaded before import = 0Number of asset objects unloaded after import = 631

========================================================================
Received Import Request.
  Time since last request: 0.000033 seconds.
  path: Assets/Prefabs/Terrain/Rooms/Top.prefab
  artifactKey: Guid(1493d0d7f3f5b3c4894cbe738cbc11eb) Importer(815301076,1909f56bfc062723c751e8b465ee728b)
Start importing Assets/Prefabs/Terrain/Rooms/Top.prefab using Guid(1493d0d7f3f5b3c4894cbe738cbc11eb) Importer(815301076,1909f56bfc062723c751e8b465ee728b) (PreviewImporter) -> (artifact id: '95be94cc669888a442d57dc06f3f01ae') in 0.0272748 seconds
Number of updated asset objects reloaded before import = 0Number of asset objects unloaded after import = 634

========================================================================
Received Import Request.
  Time since last request: 0.000039 seconds.
  path: Assets/Prefabs/Terrain/Rooms/BottomRight.prefab
  artifactKey: Guid(fdb48bc58ae53584a80131a6da2b2e7f) Importer(815301076,1909f56bfc062723c751e8b465ee728b)
Start importing Assets/Prefabs/Terrain/Rooms/BottomRight.prefab using Guid(fdb48bc58ae53584a80131a6da2b2e7f) Importer(815301076,1909f56bfc062723c751e8b465ee728b) (PreviewImporter) -> (artifact id: '21542ff2e1dcfcb1563b6680e326995d') in 0.0266001 seconds
Number of updated asset objects reloaded before import = 0Number of asset objects unloaded after import = 646

========================================================================
Received Import Request.
  Time since last request: 0.000040 seconds.
  path: Assets/Prefabs/Terrain/Rooms/BottomRight 1.prefab
  artifactKey: Guid(cb804f8a588a26d49b8966cc3899f751) Importer(815301076,1909f56bfc062723c751e8b465ee728b)
Start importing Assets/Prefabs/Terrain/Rooms/BottomRight 1.prefab using Guid(cb804f8a588a26d49b8966cc3899f751) Importer(815301076,1909f56bfc062723c751e8b465ee728b) (PreviewImporter) -> (artifact id: '32ec2d5d1a7e19662560e6ec24deaa79') in 0.0283771 seconds
Number of updated asset objects reloaded before import = 0Number of asset objects unloaded after import = 643

========================================================================
Received Import Request.
  Time since last request: 0.000033 seconds.
  path: Assets/Prefabs/Terrain/Rooms/TopLeft.prefab
  artifactKey: Guid(210bb5761628e4142b6c4e135246a842) Importer(815301076,1909f56bfc062723c751e8b465ee728b)
Start importing Assets/Prefabs/Terrain/Rooms/TopLeft.prefab using Guid(210bb5761628e4142b6c4e135246a842) Importer(815301076,1909f56bfc062723c751e8b465ee728b) (PreviewImporter) -> (artifact id: '237d0c56f072808e1667741be324e8a5') in 0.0260522 seconds
Number of updated asset objects reloaded before import = 0Number of asset objects unloaded after import = 643

========================================================================
Received Import Request.
  Time since last request: 0.000039 seconds.
  path: Assets/Prefabs/Terrain/Rooms/Right 1.prefab
  artifactKey: Guid(fdac394da6918de4091dc385636fd927) Importer(815301076,1909f56bfc062723c751e8b465ee728b)
Start importing Assets/Prefabs/Terrain/Rooms/Right 1.prefab using Guid(fdac394da6918de4091dc385636fd927) Importer(815301076,1909f56bfc062723c751e8b465ee728b) (PreviewImporter) -> (artifact id: '6d83757c3469a6d8a2e93b25fdf878aa') in 0.0275543 seconds
Number of updated asset objects reloaded before import = 0Number of asset objects unloaded after import = 631

========================================================================
Received Import Request.
  Time since last request: 22.518924 seconds.
  path: Assets/Prefabs/Terrain/Rooms/MainRoom.prefab
  artifactKey: Guid(6c261cd15f4d70d40bd0d66fed739bf0) Importer(815301076,1909f56bfc062723c751e8b465ee728b)
Start importing Assets/Prefabs/Terrain/Rooms/MainRoom.prefab using Guid(6c261cd15f4d70d40bd0d66fed739bf0) Importer(815301076,1909f56bfc062723c751e8b465ee728b) (PreviewImporter) -> (artifact id: 'e837ce3a4f2492835e95eb66f1db99de') in 0.0281782 seconds
Number of updated asset objects reloaded before import = 0Number of asset objects unloaded after import = 683

========================================================================
Received Prepare
Begin MonoManager ReloadAssembly
Symbol file LoadedFromMemory is not a mono symbol file
- Loaded All Assemblies, in  0.917 seconds
Refreshing native plugins compatible for Editor in 2.20 ms, found 4 plugins.
Native extension for WindowsStandalone target not found
Native extension for WebGL target not found
Mono: successfully reloaded assembly
- Finished resetting the current domain, in  1.134 seconds
Domain Reload Profiling: 2050ms
	BeginReloadAssembly (280ms)
		ExecutionOrderSort (0ms)
		DisableScriptedObjects (30ms)
		BackupInstance (0ms)
		ReleaseScriptingObjects (0ms)
		CreateAndSetChildDomain (84ms)
	RebuildCommonClasses (42ms)
	RebuildNativeTypeToScriptingClass (15ms)
	initialDomainReloadingComplete (34ms)
	LoadAllAssembliesAndSetupDomain (545ms)
		LoadAssemblies (402ms)
		RebuildTransferFunctionScriptingTraits (0ms)
		AnalyzeDomain (262ms)
			TypeCache.Refresh (11ms)
				TypeCache.ScanAssembly (0ms)
			BuildScriptInfoCaches (234ms)
			ResolveRequiredComponents (13ms)
	FinalizeReload (1135ms)
		ReleaseScriptCaches (0ms)
		RebuildScriptCaches (0ms)
		SetupLoadedEditorAssemblies (855ms)
			LogAssemblyErrors (0ms)
			InitializePlatformSupportModulesInManaged (5ms)
			SetLoadedEditorAssemblies (7ms)
			BeforeProcessingInitializeOnLoad (162ms)
			ProcessInitializeOnLoadAttributes (601ms)
			ProcessInitializeOnLoadMethodAttributes (74ms)
			AfterProcessingInitializeOnLoad (6ms)
			EditorAssembliesLoaded (0ms)
		ExecutionOrderSort2 (0ms)
		AwakeInstancesAfterBackupRestoration (18ms)
Refreshing native plugins compatible for Editor in 2.45 ms, found 4 plugins.
Preloading 0 native plugins for Editor in 0.00 ms.
Unloading 43 Unused Serialized files (Serialized files now loaded: 0)
Unloading 6701 unused Assets / (7.7 MB). Loaded Objects now: 7521.
Memory consumption went from 169.1 MB to 161.4 MB.
Total: 16.513400 ms (FindLiveObjects: 1.020200 ms CreateObjectMapping: 1.560600 ms MarkObjects: 7.963400 ms  DeleteObjects: 5.968200 ms)

Prepare: number of updated asset objects reloaded= 0
========================================================================
Received Prepare
Refreshing native plugins compatible for Editor in 2.45 ms, found 4 plugins.
Preloading 0 native plugins for Editor in 0.00 ms.
Unloading 43 Unused Serialized files (Serialized files now loaded: 0)
Unloading 6690 unused Assets / (7.4 MB). Loaded Objects now: 7521.
Memory consumption went from 169.1 MB to 161.7 MB.
Total: 18.630200 ms (FindLiveObjects: 1.279800 ms CreateObjectMapping: 1.880200 ms MarkObjects: 9.066700 ms  DeleteObjects: 6.402300 ms)

Prepare: number of updated asset objects reloaded= 0
========================================================================
Received Import Request.
  Time since last request: 111.735418 seconds.
  path: Assets/Prefabs/Terrain/Rooms/Bottom.prefab
  artifactKey: Guid(21997cd537b02a64ca42236fa7b8bcf1) Importer(815301076,1909f56bfc062723c751e8b465ee728b)
Start importing Assets/Prefabs/Terrain/Rooms/Bottom.prefab using Guid(21997cd537b02a64ca42236fa7b8bcf1) Importer(815301076,1909f56bfc062723c751e8b465ee728b) (PreviewImporter) -> (artifact id: '77321fe154c409c2e7bcbeb1b04f5ecf') in 0.5775266 seconds
Number of updated asset objects reloaded before import = 0Number of asset objects unloaded after import = 640

========================================================================
Received Import Request.
  Time since last request: 0.000026 seconds.
  path: Assets/Prefabs/Terrain/Rooms/BottomRight.prefab
  artifactKey: Guid(fdb48bc58ae53584a80131a6da2b2e7f) Importer(815301076,1909f56bfc062723c751e8b465ee728b)
Start importing Assets/Prefabs/Terrain/Rooms/BottomRight.prefab using Guid(fdb48bc58ae53584a80131a6da2b2e7f) Importer(815301076,1909f56bfc062723c751e8b465ee728b) (PreviewImporter) -> (artifact id: 'd7f811b8d75dbfca89cb330897819101') in 0.0297811 seconds
Number of updated asset objects reloaded before import = 0Number of asset objects unloaded after import = 653

========================================================================
Received Import Request.
  Time since last request: 0.000037 seconds.
  path: Assets/Prefabs/Terrain/Rooms/BottomRight 1.prefab
  artifactKey: Guid(cb804f8a588a26d49b8966cc3899f751) Importer(815301076,1909f56bfc062723c751e8b465ee728b)
Start importing Assets/Prefabs/Terrain/Rooms/BottomRight 1.prefab using Guid(cb804f8a588a26d49b8966cc3899f751) Importer(815301076,1909f56bfc062723c751e8b465ee728b) (PreviewImporter) -> (artifact id: '96bd7269fc554c1ef4fb707fdcae11f4') in 0.027685 seconds
Number of updated asset objects reloaded before import = 0Number of asset objects unloaded after import = 650

========================================================================
Received Import Request.
  Time since last request: 0.000028 seconds.
  path: Assets/Prefabs/Terrain/Rooms/TopLeft.prefab
  artifactKey: Guid(210bb5761628e4142b6c4e135246a842) Importer(815301076,1909f56bfc062723c751e8b465ee728b)
Start importing Assets/Prefabs/Terrain/Rooms/TopLeft.prefab using Guid(210bb5761628e4142b6c4e135246a842) Importer(815301076,1909f56bfc062723c751e8b465ee728b) (PreviewImporter) -> (artifact id: '6ba5c2aa4d14a955108b572302faff79') in 0.0289377 seconds
Number of updated asset objects reloaded before import = 0Number of asset objects unloaded after import = 650

========================================================================
Received Import Request.
  Time since last request: 0.000029 seconds.
  path: Assets/Prefabs/Terrain/Rooms/Right 1.prefab
  artifactKey: Guid(fdac394da6918de4091dc385636fd927) Importer(815301076,1909f56bfc062723c751e8b465ee728b)
Start importing Assets/Prefabs/Terrain/Rooms/Right 1.prefab using Guid(fdac394da6918de4091dc385636fd927) Importer(815301076,1909f56bfc062723c751e8b465ee728b) (PreviewImporter) -> (artifact id: 'f2461eb671485f7d6da5c304a7b5c94f') in 0.0276493 seconds
Number of updated asset objects reloaded before import = 0Number of asset objects unloaded after import = 638

========================================================================
Received Prepare
Refreshing native plugins compatible for Editor in 36.68 ms, found 4 plugins.
Preloading 0 native plugins for Editor in 0.00 ms.
Unloading 43 Unused Serialized files (Serialized files now loaded: 0)
Unloading 6690 unused Assets / (3.8 MB). Loaded Objects now: 7645.
Memory consumption went from 174.3 MB to 170.5 MB.
Total: 40.101100 ms (FindLiveObjects: 1.155700 ms CreateObjectMapping: 2.046700 ms MarkObjects: 14.652000 ms  DeleteObjects: 22.244400 ms)

Prepare: number of updated asset objects reloaded= 0
========================================================================
Received Import Request.
  Time since last request: 30.892480 seconds.
  path: Assets/Prefabs/Terrain/Rooms/TopBottom 1.prefab
  artifactKey: Guid(a1a02d76574bfa64a8a52d40ae56043b) Importer(815301076,1909f56bfc062723c751e8b465ee728b)
Start importing Assets/Prefabs/Terrain/Rooms/TopBottom 1.prefab using Guid(a1a02d76574bfa64a8a52d40ae56043b) Importer(815301076,1909f56bfc062723c751e8b465ee728b) (PreviewImporter) -> (artifact id: '81053bb8b66e791005bb09318e42b5ec') in 0.0803143 seconds
Number of updated asset objects reloaded before import = 0Number of asset objects unloaded after import = 656

========================================================================
Received Import Request.
  Time since last request: 0.000056 seconds.
  path: Assets/Prefabs/Terrain/Rooms/BottomLeft.prefab
  artifactKey: Guid(e5ba9c07622c12d4fa1124582905eeaf) Importer(815301076,1909f56bfc062723c751e8b465ee728b)
Start importing Assets/Prefabs/Terrain/Rooms/BottomLeft.prefab using Guid(e5ba9c07622c12d4fa1124582905eeaf) Importer(815301076,1909f56bfc062723c751e8b465ee728b) (PreviewImporter) -> (artifact id: '511b96c239ab826a3547186b9dca3b84') in 0.0691934 seconds
Number of updated asset objects reloaded before import = 0Number of asset objects unloaded after import = 653

========================================================================
Received Import Request.
  Time since last request: 0.000044 seconds.
  path: Assets/Prefabs/Terrain/Rooms/Top 1.prefab
  artifactKey: Guid(58dac912f823d6544a11acea133fa8b3) Importer(815301076,1909f56bfc062723c751e8b465ee728b)
Start importing Assets/Prefabs/Terrain/Rooms/Top 1.prefab using Guid(58dac912f823d6544a11acea133fa8b3) Importer(815301076,1909f56bfc062723c751e8b465ee728b) (PreviewImporter) -> (artifact id: 'fadc9b8e0d0f76b905600f1d434b474b') in 0.0437262 seconds
Number of updated asset objects reloaded before import = 0Number of asset objects unloaded after import = 638

========================================================================
Received Prepare
Begin MonoManager ReloadAssembly
Symbol file LoadedFromMemory is not a mono symbol file
- Loaded All Assemblies, in  0.962 seconds
Refreshing native plugins compatible for Editor in 1.55 ms, found 4 plugins.
Native extension for WindowsStandalone target not found
Native extension for WebGL target not found
Mono: successfully reloaded assembly
- Finished resetting the current domain, in  1.003 seconds
Domain Reload Profiling: 1965ms
	BeginReloadAssembly (263ms)
		ExecutionOrderSort (0ms)
		DisableScriptedObjects (30ms)
		BackupInstance (0ms)
		ReleaseScriptingObjects (0ms)
		CreateAndSetChildDomain (72ms)
	RebuildCommonClasses (39ms)
	RebuildNativeTypeToScriptingClass (15ms)
	initialDomainReloadingComplete (35ms)
	LoadAllAssembliesAndSetupDomain (609ms)
		LoadAssemblies (453ms)
		RebuildTransferFunctionScriptingTraits (0ms)
		AnalyzeDomain (269ms)
			TypeCache.Refresh (19ms)
				TypeCache.ScanAssembly (2ms)
			BuildScriptInfoCaches (228ms)
			ResolveRequiredComponents (18ms)
	FinalizeReload (1004ms)
		ReleaseScriptCaches (0ms)
		RebuildScriptCaches (0ms)
		SetupLoadedEditorAssemblies (775ms)
			LogAssemblyErrors (0ms)
			InitializePlatformSupportModulesInManaged (3ms)
			SetLoadedEditorAssemblies (6ms)
			BeforeProcessingInitializeOnLoad (154ms)
			ProcessInitializeOnLoadAttributes (537ms)
			ProcessInitializeOnLoadMethodAttributes (70ms)
			AfterProcessingInitializeOnLoad (6ms)
			EditorAssembliesLoaded (0ms)
		ExecutionOrderSort2 (0ms)
		AwakeInstancesAfterBackupRestoration (17ms)
Refreshing native plugins compatible for Editor in 10.81 ms, found 4 plugins.
Preloading 0 native plugins for Editor in 0.00 ms.
Unloading 43 Unused Serialized files (Serialized files now loaded: 0)
Unloading 6701 unused Assets / (4.1 MB). Loaded Objects now: 7545.
Memory consumption went from 170.6 MB to 166.6 MB.
Total: 17.530500 ms (FindLiveObjects: 1.117500 ms CreateObjectMapping: 1.982400 ms MarkObjects: 9.406500 ms  DeleteObjects: 5.022700 ms)

Prepare: number of updated asset objects reloaded= 0
========================================================================
Received Import Request.
  Time since last request: 6.923878 seconds.
  path: Assets/Prefabs/Terrain/Rooms/Right.prefab
  artifactKey: Guid(115882d51f3340f4c97698153431c4b3) Importer(815301076,1909f56bfc062723c751e8b465ee728b)
Start importing Assets/Prefabs/Terrain/Rooms/Right.prefab using Guid(115882d51f3340f4c97698153431c4b3) Importer(815301076,1909f56bfc062723c751e8b465ee728b) (PreviewImporter) -> (artifact id: '1fa80d427f34f2c13ede979402d0ac86') in 0.688591 seconds
Number of updated asset objects reloaded before import = 0Number of asset objects unloaded after import = 630

========================================================================
Received Import Request.
  Time since last request: 0.000032 seconds.
  path: Assets/Prefabs/Terrain/Rooms/Top.prefab
  artifactKey: Guid(1493d0d7f3f5b3c4894cbe738cbc11eb) Importer(815301076,1909f56bfc062723c751e8b465ee728b)
Start importing Assets/Prefabs/Terrain/Rooms/Top.prefab using Guid(1493d0d7f3f5b3c4894cbe738cbc11eb) Importer(815301076,1909f56bfc062723c751e8b465ee728b) (PreviewImporter) -> (artifact id: '7b2938c4ecabb12b6dd7ac728a6cc42c') in 0.0255518 seconds
Number of updated asset objects reloaded before import = 0Number of asset objects unloaded after import = 634

========================================================================
Received Import Request.
  Time since last request: 0.000034 seconds.
  path: Assets/Prefabs/Terrain/Rooms/BottomRight.prefab
  artifactKey: Guid(fdb48bc58ae53584a80131a6da2b2e7f) Importer(815301076,1909f56bfc062723c751e8b465ee728b)
Start importing Assets/Prefabs/Terrain/Rooms/BottomRight.prefab using Guid(fdb48bc58ae53584a80131a6da2b2e7f) Importer(815301076,1909f56bfc062723c751e8b465ee728b) (PreviewImporter) -> (artifact id: 'f877299e9966dfc440728b687efa07a8') in 0.024965 seconds
Number of updated asset objects reloaded before import = 0Number of asset objects unloaded after import = 646

========================================================================
Received Import Request.
  Time since last request: 0.000031 seconds.
  path: Assets/Prefabs/Terrain/Rooms/TopBottom.prefab
  artifactKey: Guid(7946193d59bbb1048a7bc2ba040d5d06) Importer(815301076,1909f56bfc062723c751e8b465ee728b)
Start importing Assets/Prefabs/Terrain/Rooms/TopBottom.prefab using Guid(7946193d59bbb1048a7bc2ba040d5d06) Importer(815301076,1909f56bfc062723c751e8b465ee728b) (PreviewImporter) -> (artifact id: '91524a48226e1799dfe095b720af98e1') in 0.0247162 seconds
Number of updated asset objects reloaded before import = 0Number of asset objects unloaded after import = 643

========================================================================
Received Import Request.
  Time since last request: 0.000024 seconds.
  path: Assets/Prefabs/Terrain/Rooms/TopRight.prefab
  artifactKey: Guid(7847503b1147bfe47b5c8c6396fa4c67) Importer(815301076,1909f56bfc062723c751e8b465ee728b)
Start importing Assets/Prefabs/Terrain/Rooms/TopRight.prefab using Guid(7847503b1147bfe47b5c8c6396fa4c67) Importer(815301076,1909f56bfc062723c751e8b465ee728b) (PreviewImporter) -> (artifact id: '1db57680907d8398c20e7cd047c2da31') in 0.0248899 seconds
Number of updated asset objects reloaded before import = 0Number of asset objects unloaded after import = 643

========================================================================
Received Prepare
Begin MonoManager ReloadAssembly
Symbol file LoadedFromMemory is not a mono symbol file
- Loaded All Assemblies, in  0.914 seconds
Refreshing native plugins compatible for Editor in 1.58 ms, found 4 plugins.
Native extension for WindowsStandalone target not found
Native extension for WebGL target not found
Mono: successfully reloaded assembly
- Finished resetting the current domain, in  1.085 seconds
Domain Reload Profiling: 1998ms
	BeginReloadAssembly (259ms)
		ExecutionOrderSort (0ms)
		DisableScriptedObjects (33ms)
		BackupInstance (0ms)
		ReleaseScriptingObjects (0ms)
		CreateAndSetChildDomain (67ms)
	RebuildCommonClasses (46ms)
	RebuildNativeTypeToScriptingClass (15ms)
	initialDomainReloadingComplete (33ms)
	LoadAllAssembliesAndSetupDomain (558ms)
		LoadAssemblies (404ms)
		RebuildTransferFunctionScriptingTraits (0ms)
		AnalyzeDomain (269ms)
			TypeCache.Refresh (10ms)
				TypeCache.ScanAssembly (0ms)
			BuildScriptInfoCaches (239ms)
			ResolveRequiredComponents (17ms)
	FinalizeReload (1086ms)
		ReleaseScriptCaches (0ms)
		RebuildScriptCaches (0ms)
		SetupLoadedEditorAssemblies (835ms)
			LogAssemblyErrors (0ms)
			InitializePlatformSupportModulesInManaged (4ms)
			SetLoadedEditorAssemblies (7ms)
			BeforeProcessingInitializeOnLoad (161ms)
			ProcessInitializeOnLoadAttributes (582ms)
			ProcessInitializeOnLoadMethodAttributes (73ms)
			AfterProcessingInitializeOnLoad (7ms)
			EditorAssembliesLoaded (0ms)
		ExecutionOrderSort2 (0ms)
		AwakeInstancesAfterBackupRestoration (21ms)
Refreshing native plugins compatible for Editor in 2.88 ms, found 4 plugins.
Preloading 0 native plugins for Editor in 0.00 ms.
Unloading 43 Unused Serialized files (Serialized files now loaded: 0)
Unloading 6701 unused Assets / (3.8 MB). Loaded Objects now: 7569.
Memory consumption went from 172.5 MB to 168.7 MB.
Total: 21.477500 ms (FindLiveObjects: 1.466400 ms CreateObjectMapping: 2.290100 ms MarkObjects: 12.808400 ms  DeleteObjects: 4.911200 ms)

Prepare: number of updated asset objects reloaded= 0
Editor requested this worker to shutdown with reason: Scaling down because of idle timeout
AssetImportWorker is now disconnected from the server
Process exiting
Exiting without the bug reporter. Application will terminate with return code 0